{"numTotalTestSuites":6,"numPassedTestSuites":6,"numFailedTestSuites":0,"numPendingTestSuites":0,"numTotalTests":35,"numPassedTests":35,"numFailedTests":0,"numPendingTests":0,"numTodoTests":0,"snapshot":{"added":0,"failure":false,"filesAdded":0,"filesRemoved":0,"filesRemovedList":[],"filesUnmatched":0,"filesUpdated":0,"matched":0,"total":0,"unchecked":0,"uncheckedKeysByFile":[],"unmatched":0,"updated":0,"didUpdate":false},"startTime":1785345595714,"success":true,"testResults":[{"assertionResults":[{"ancestorTitles":["parseOptions"],"fullName":"parseOptions reads the supported data attributes without a source override","status":"passed","title":"reads the supported data attributes without a source override","duration":9.081300020217896,"failureMessages":[],"meta":{}},{"ancestorTitles":["parseOptions"],"fullName":"parseOptions does not default to a supported vis-type when data-vis-type is missing","status":"passed","title":"does not default to a supported vis-type when data-vis-type is missing","duration":1.7179999351501465,"failureMessages":[],"meta":{}},{"ancestorTitles":["parseOptions"],"fullName":"parseOptions defaults ctl to false when not supplied","status":"passed","title":"defaults ctl to false when not supplied","duration":1.2470999956130981,"failureMessages":[],"meta":{}},{"ancestorTitles":["parseOptions"],"fullName":"parseOptions defaults boundaries to false when not supplied","status":"passed","title":"defaults boundaries to false when not supplied","duration":0.5042999982833862,"failureMessages":[],"meta":{}},{"ancestorTitles":["parseOptions"],"fullName":"parseOptions parses boundaries true when supplied as true","status":"passed","title":"parses boundaries true when supplied as true","duration":0.8137999773025513,"failureMessages":[],"meta":{}},{"ancestorTitles":["parseOptions"],"fullName":"parseOptions defaults hectads to true when not supplied","status":"passed","title":"defaults hectads to true when not supplied","duration":0.7013000249862671,"failureMessages":[],"meta":{}},{"ancestorTitles":["parseOptions"],"fullName":"parseOptions parses hectads false when supplied as false","status":"passed","title":"parses hectads false when supplied as false","duration":0.722599983215332,"failureMessages":[],"meta":{}},{"ancestorTitles":["parseOptions"],"fullName":"parseOptions includes expand as undefined when not supplied","status":"passed","title":"includes expand as undefined when not supplied","duration":0.4696999788284302,"failureMessages":[],"meta":{}},{"ancestorTitles":["parseOptions"],"fullName":"parseOptions parses expand true when supplied as true","status":"passed","title":"parses expand true when supplied as true","duration":0.8118000030517578,"failureMessages":[],"meta":{}},{"ancestorTitles":["parseOptions"],"fullName":"parseOptions parses expand false when supplied as false","status":"passed","title":"parses expand false when supplied as false","duration":0.5694000720977783,"failureMessages":[],"meta":{}},{"ancestorTitles":["parseOptions"],"fullName":"parseOptions includes width as undefined when not supplied","status":"passed","title":"includes width as undefined when not supplied","duration":0.32690000534057617,"failureMessages":[],"meta":{}},{"ancestorTitles":["parseOptions"],"fullName":"parseOptions parses width when supplied as a positive number","status":"passed","title":"parses width when supplied as a positive number","duration":0.3637000322341919,"failureMessages":[],"meta":{}},{"ancestorTitles":["parseOptions"],"fullName":"parseOptions includes width as undefined when supplied as a non-positive number","status":"passed","title":"includes width as undefined when supplied as a non-positive number","duration":0.3684999942779541,"failureMessages":[],"meta":{}},{"ancestorTitles":["parseOptions"],"fullName":"parseOptions includes height as undefined when not supplied","status":"passed","title":"includes height as undefined when not supplied","duration":0.25370001792907715,"failureMessages":[],"meta":{}},{"ancestorTitles":["parseOptions"],"fullName":"parseOptions parses height when supplied as a positive number","status":"passed","title":"parses height when supplied as a positive number","duration":0.5437999963760376,"failureMessages":[],"meta":{}},{"ancestorTitles":["parseOptions"],"fullName":"parseOptions includes height as undefined when supplied as a non-positive number","status":"passed","title":"includes height as undefined when supplied as a non-positive number","duration":0.5748000144958496,"failureMessages":[],"meta":{}},{"ancestorTitles":["parseOptions"],"fullName":"parseOptions reads start and end date attributes for new-species-table","status":"passed","title":"reads start and end date attributes for new-species-table","duration":0.7857999801635742,"failureMessages":[],"meta":{}},{"ancestorTitles":["parseOptions"],"fullName":"parseOptions parses data-vis-top-n when supplied","status":"passed","title":"parses data-vis-top-n when supplied","duration":0.3766000270843506,"failureMessages":[],"meta":{}},{"ancestorTitles":["parseOptions"],"fullName":"parseOptions reads taxon and year attributes for temporal-year-chart","status":"passed","title":"reads taxon and year attributes for temporal-year-chart","duration":0.6054999828338623,"failureMessages":[],"meta":{}},{"ancestorTitles":["parseOptions"],"fullName":"parseOptions reads data-vis-linked-table for temporal-year-chart","status":"passed","title":"reads data-vis-linked-table for temporal-year-chart","duration":1.2365000247955322,"failureMessages":[],"meta":{}},{"ancestorTitles":["parseOptions"],"fullName":"parseOptions reads data-vis-year for species-absent-since","status":"passed","title":"reads data-vis-year for species-absent-since","duration":1.5245000123977661,"failureMessages":[],"meta":{}},{"ancestorTitles":["parseOptions"],"fullName":"parseOptions defaults dot styling properties when data attributes are absent","status":"passed","title":"defaults dot styling properties when data attributes are absent","duration":1.117300033569336,"failureMessages":[],"meta":{}},{"ancestorTitles":["parseOptions"],"fullName":"parseOptions reads data-vis-map-type for map renderers","status":"passed","title":"reads data-vis-map-type for map renderers","duration":0.8976999521255493,"failureMessages":[],"meta":{}},{"ancestorTitles":["parseOptions"],"fullName":"parseOptions reads data-vis-taxonid for species-map","status":"passed","title":"reads data-vis-taxonid for species-map","duration":0.5612999200820923,"failureMessages":[],"meta":{}},{"ancestorTitles":["parseOptions"],"fullName":"parseOptions reads data-vis-grid-stats-type for grid-stats-map","status":"passed","title":"reads data-vis-grid-stats-type for grid-stats-map","duration":0.7249000072479248,"failureMessages":[],"meta":{}},{"ancestorTitles":["parseOptions"],"fullName":"parseOptions defaults grid-stats-map mapType to static when data-vis-map-type is absent","status":"passed","title":"defaults grid-stats-map mapType to static when data-vis-map-type is absent","duration":0.3371000289916992,"failureMessages":[],"meta":{}},{"ancestorTitles":["parseOptions"],"fullName":"parseOptions reads data-vis-map-type for grid-stats-map","status":"passed","title":"reads data-vis-map-type for grid-stats-map","duration":0.3741999864578247,"failureMessages":[],"meta":{}}],"startTime":1785345597798,"endTime":1785345597827.3743,"status":"passed","message":"","name":"E:/Tanyptera/tanvis/tests/unit/parseOptions.test.js"},{"assertionResults":[{"ancestorTitles":["render"],"fullName":"render uses the registered renderer","status":"passed","title":"uses the registered renderer","duration":26.20990002155304,"failureMessages":[],"meta":{}},{"ancestorTitles":["render"],"fullName":"render requires data-vis-start-date for new-species-table","status":"passed","title":"requires data-vis-start-date for new-species-table","duration":5.4948999881744385,"failureMessages":[],"meta":{}},{"ancestorTitles":["render"],"fullName":"render renders validation errors inline in the visualization container","status":"passed","title":"renders validation errors inline in the visualization container","duration":9.724200010299683,"failureMessages":[],"meta":{}},{"ancestorTitles":["render"],"fullName":"render renders temporal-year-chart when registered","status":"passed","title":"renders temporal-year-chart when registered","duration":1.6237000226974487,"failureMessages":[],"meta":{}}],"startTime":1785345597825,"endTime":1785345597867.6238,"status":"passed","message":"","name":"E:/Tanyptera/tanvis/tests/unit/render.test.js"},{"assertionResults":[{"ancestorTitles":["getVisAttributeSchema"],"fullName":"getVisAttributeSchema keeps per-vis-type rules explicit while resolving shared defaults","status":"passed","title":"keeps per-vis-type rules explicit while resolving shared defaults","duration":5.051800012588501,"failureMessages":[],"meta":{}},{"ancestorTitles":["getVisAttributeSchema"],"fullName":"getVisAttributeSchema exposes a combined parse-and-validate handler on each rule","status":"passed","title":"exposes a combined parse-and-validate handler on each rule","duration":2.5268999338150024,"failureMessages":[],"meta":{}},{"ancestorTitles":["getVisAttributeSchema"],"fullName":"getVisAttributeSchema always includes shared rules even when vis-type lists do not mention them explicitly","status":"passed","title":"always includes shared rules even when vis-type lists do not mention them explicitly","duration":2.3210999965667725,"failureMessages":[],"meta":{}},{"ancestorTitles":["getVisAttributeSchema"],"fullName":"getVisAttributeSchema exposes boundaries for map-based visualizations but not temporal-year-chart","status":"passed","title":"exposes boundaries for map-based visualizations but not temporal-year-chart","duration":0.8249000310897827,"failureMessages":[],"meta":{}}],"startTime":1785345597797,"endTime":1785345597808.825,"status":"passed","message":"","name":"E:/Tanyptera/tanvis/tests/unit/visAttributeSchema.test.js"}]}