{"numTotalTestSuites":6,"numPassedTestSuites":6,"numFailedTestSuites":0,"numPendingTestSuites":0,"numTotalTests":43,"numPassedTests":43,"numFailedTests":0,"numPendingTests":0,"numTodoTests":0,"snapshot":{"added":0,"failure":false,"filesAdded":0,"filesRemoved":0,"filesRemovedList":[],"filesUnmatched":0,"filesUpdated":0,"matched":0,"total":0,"unchecked":0,"uncheckedKeysByFile":[],"unmatched":0,"updated":0,"didUpdate":false},"startTime":1785343063381,"success":true,"testResults":[{"assertionResults":[{"ancestorTitles":["parseOptions"],"fullName":"parseOptions reads the supported data attributes without a source override","status":"passed","title":"reads the supported data attributes without a source override","duration":7.034799933433533,"failureMessages":[],"meta":{}},{"ancestorTitles":["parseOptions"],"fullName":"parseOptions does not default to a supported vis-type when data-vis-type is missing","status":"passed","title":"does not default to a supported vis-type when data-vis-type is missing","duration":1.5204999446868896,"failureMessages":[],"meta":{}},{"ancestorTitles":["parseOptions"],"fullName":"parseOptions defaults ctl to false when not supplied","status":"passed","title":"defaults ctl to false when not supplied","duration":1.3693000078201294,"failureMessages":[],"meta":{}},{"ancestorTitles":["parseOptions"],"fullName":"parseOptions defaults boundaries to false when not supplied","status":"passed","title":"defaults boundaries to false when not supplied","duration":0.746399998664856,"failureMessages":[],"meta":{}},{"ancestorTitles":["parseOptions"],"fullName":"parseOptions parses boundaries true when supplied as true","status":"passed","title":"parses boundaries true when supplied as true","duration":1.4038000106811523,"failureMessages":[],"meta":{}},{"ancestorTitles":["parseOptions"],"fullName":"parseOptions defaults hectads to true when not supplied","status":"passed","title":"defaults hectads to true when not supplied","duration":1.2111999988555908,"failureMessages":[],"meta":{}},{"ancestorTitles":["parseOptions"],"fullName":"parseOptions parses hectads false when supplied as false","status":"passed","title":"parses hectads false when supplied as false","duration":1.3348000049591064,"failureMessages":[],"meta":{}},{"ancestorTitles":["parseOptions"],"fullName":"parseOptions includes expand as undefined when not supplied","status":"passed","title":"includes expand as undefined when not supplied","duration":0.8873000144958496,"failureMessages":[],"meta":{}},{"ancestorTitles":["parseOptions"],"fullName":"parseOptions parses expand true when supplied as true","status":"passed","title":"parses expand true when supplied as true","duration":1.3912999629974365,"failureMessages":[],"meta":{}},{"ancestorTitles":["parseOptions"],"fullName":"parseOptions parses expand false when supplied as false","status":"passed","title":"parses expand false when supplied as false","duration":1.0902000665664673,"failureMessages":[],"meta":{}},{"ancestorTitles":["parseOptions"],"fullName":"parseOptions includes width as undefined when not supplied","status":"passed","title":"includes width as undefined when not supplied","duration":0.7829999923706055,"failureMessages":[],"meta":{}},{"ancestorTitles":["parseOptions"],"fullName":"parseOptions parses width when supplied as a positive number","status":"passed","title":"parses width when supplied as a positive number","duration":0.7595000267028809,"failureMessages":[],"meta":{}},{"ancestorTitles":["parseOptions"],"fullName":"parseOptions includes width as undefined when supplied as a non-positive number","status":"passed","title":"includes width as undefined when supplied as a non-positive number","duration":0.6904000043869019,"failureMessages":[],"meta":{}},{"ancestorTitles":["parseOptions"],"fullName":"parseOptions includes height as undefined when not supplied","status":"passed","title":"includes height as undefined when not supplied","duration":0.29700005054473877,"failureMessages":[],"meta":{}},{"ancestorTitles":["parseOptions"],"fullName":"parseOptions parses height when supplied as a positive number","status":"passed","title":"parses height when supplied as a positive number","duration":0.5628000497817993,"failureMessages":[],"meta":{}},{"ancestorTitles":["parseOptions"],"fullName":"parseOptions includes height as undefined when supplied as a non-positive number","status":"passed","title":"includes height as undefined when supplied as a non-positive number","duration":0.5349999666213989,"failureMessages":[],"meta":{}},{"ancestorTitles":["parseOptions"],"fullName":"parseOptions reads start and end date attributes for new-species-table","status":"passed","title":"reads start and end date attributes for new-species-table","duration":0.6970999240875244,"failureMessages":[],"meta":{}},{"ancestorTitles":["parseOptions"],"fullName":"parseOptions parses data-vis-top-n when supplied","status":"passed","title":"parses data-vis-top-n when supplied","duration":0.5461000204086304,"failureMessages":[],"meta":{}},{"ancestorTitles":["parseOptions"],"fullName":"parseOptions reads taxon and year attributes for temporal-year-chart","status":"passed","title":"reads taxon and year attributes for temporal-year-chart","duration":1.4375,"failureMessages":[],"meta":{}},{"ancestorTitles":["parseOptions"],"fullName":"parseOptions reads data-vis-linked-table for temporal-year-chart","status":"passed","title":"reads data-vis-linked-table for temporal-year-chart","duration":1.018899917602539,"failureMessages":[],"meta":{}},{"ancestorTitles":["parseOptions"],"fullName":"parseOptions reads data-vis-year for species-absent-since","status":"passed","title":"reads data-vis-year for species-absent-since","duration":0.8980000019073486,"failureMessages":[],"meta":{}},{"ancestorTitles":["parseOptions"],"fullName":"parseOptions defaults dot styling properties when data attributes are absent","status":"passed","title":"defaults dot styling properties when data attributes are absent","duration":0.8227999210357666,"failureMessages":[],"meta":{}},{"ancestorTitles":["parseOptions"],"fullName":"parseOptions reads data-vis-map-type for map renderers","status":"passed","title":"reads data-vis-map-type for map renderers","duration":0.7890000343322754,"failureMessages":[],"meta":{}},{"ancestorTitles":["parseOptions"],"fullName":"parseOptions defaults taxonGroup to an empty string when missing","status":"passed","title":"defaults taxonGroup to an empty string when missing","duration":0.6476000547409058,"failureMessages":[],"meta":{}},{"ancestorTitles":["parseOptions"],"fullName":"parseOptions reads data-vis-taxonid for species-map","status":"passed","title":"reads data-vis-taxonid for species-map","duration":0.6770000457763672,"failureMessages":[],"meta":{}},{"ancestorTitles":["parseOptions"],"fullName":"parseOptions reads data-vis-grid-stats-type for grid-stats-map","status":"passed","title":"reads data-vis-grid-stats-type for grid-stats-map","duration":0.641200065612793,"failureMessages":[],"meta":{}},{"ancestorTitles":["parseOptions"],"fullName":"parseOptions defaults grid-stats-map mapType to static when data-vis-map-type is absent","status":"passed","title":"defaults grid-stats-map mapType to static when data-vis-map-type is absent","duration":0.4998999834060669,"failureMessages":[],"meta":{}},{"ancestorTitles":["parseOptions"],"fullName":"parseOptions reads data-vis-map-type for grid-stats-map","status":"passed","title":"reads data-vis-map-type for grid-stats-map","duration":0.5346999168395996,"failureMessages":[],"meta":{}}],"startTime":1785343065363,"endTime":1785343065395.5347,"status":"passed","message":"","name":"E:/Tanyptera/tanvis/tests/unit/parseOptions.test.js"},{"assertionResults":[{"ancestorTitles":["species map redraw flow"],"fullName":"species map redraw flow shows an explicit D3 dependency message when D3 is missing","status":"passed","title":"shows an explicit D3 dependency message when D3 is missing","duration":21.419000029563904,"failureMessages":[],"meta":{}},{"ancestorTitles":["species map redraw flow"],"fullName":"species map redraw flow switches the map to the occurrences type and redraws it","status":"passed","title":"switches the map to the occurrences type and redraws it","duration":1.647800087928772,"failureMessages":[],"meta":{}},{"ancestorTitles":["species map redraw flow"],"fullName":"species map redraw flow uses the latest occurrence rows in the occurrences adapter","status":"passed","title":"uses the latest occurrence rows in the occurrences adapter","duration":2.0601999759674072,"failureMessages":[],"meta":{}},{"ancestorTitles":["species map redraw flow"],"fullName":"species map redraw flow ignores rows without grid_ref_2km","status":"passed","title":"ignores rows without grid_ref_2km","duration":0.5302999019622803,"failureMessages":[],"meta":{}},{"ancestorTitles":["species map redraw flow"],"fullName":"species map redraw flow uses host element dataset values for dot styling when rendering the map","status":"passed","title":"uses host element dataset values for dot styling when rendering the map","duration":27.655499935150146,"failureMessages":[],"meta":{}},{"ancestorTitles":["species map redraw flow"],"fullName":"species map redraw flow preserves dataset dot styling when switching from static to leaflet","status":"passed","title":"preserves dataset dot styling when switching from static to leaflet","duration":24.350600004196167,"failureMessages":[],"meta":{}},{"ancestorTitles":["species map redraw flow"],"fullName":"species map redraw flow keeps the map-type toggle visible when a switch-based map is re-rendered as leaflet","status":"passed","title":"keeps the map-type toggle visible when a switch-based map is re-rendered as leaflet","duration":23.47130000591278,"failureMessages":[],"meta":{}},{"ancestorTitles":["species map redraw flow"],"fullName":"species map redraw flow re-renders the species map after a linked table row selection","status":"passed","title":"re-renders the species map after a linked table row selection","duration":27.469200015068054,"failureMessages":[],"meta":{}},{"ancestorTitles":["species map redraw flow"],"fullName":"species map redraw flow reuses the existing map instance when a linked table row changes the species","status":"passed","title":"reuses the existing map instance when a linked table row changes the species","duration":19.25190007686615,"failureMessages":[],"meta":{}},{"ancestorTitles":["species map redraw flow"],"fullName":"species map redraw flow updates the currently visible map after switching map type and selecting a linked-table species","status":"passed","title":"updates the currently visible map after switching map type and selecting a linked-table species","duration":21.384700059890747,"failureMessages":[],"meta":{}},{"ancestorTitles":["species map redraw flow"],"fullName":"species map redraw flow re-renders the species map after a control-block species selection","status":"passed","title":"re-renders the species map after a control-block species selection","duration":8.14680004119873,"failureMessages":[],"meta":{}},{"ancestorTitles":["species map redraw flow"],"fullName":"species map redraw flow keeps linked-table updates working after a control-driven re-render","status":"passed","title":"keeps linked-table updates working after a control-driven re-render","duration":26.883100032806396,"failureMessages":[],"meta":{}}],"startTime":1785343065927,"endTime":1785343066131.883,"status":"passed","message":"","name":"E:/Tanyptera/tanvis/tests/unit/speciesMap.test.js"},{"assertionResults":[{"ancestorTitles":["getVisAttributeSchema"],"fullName":"getVisAttributeSchema keeps per-vis-type rules explicit while resolving shared defaults","status":"passed","title":"keeps per-vis-type rules explicit while resolving shared defaults","duration":6.1209999322891235,"failureMessages":[],"meta":{}},{"ancestorTitles":["getVisAttributeSchema"],"fullName":"getVisAttributeSchema exposes a combined parse-and-validate handler on each rule","status":"passed","title":"exposes a combined parse-and-validate handler on each rule","duration":1.4869999885559082,"failureMessages":[],"meta":{}},{"ancestorTitles":["getVisAttributeSchema"],"fullName":"getVisAttributeSchema always includes shared rules even when vis-type lists do not mention them explicitly","status":"passed","title":"always includes shared rules even when vis-type lists do not mention them explicitly","duration":1.2067999839782715,"failureMessages":[],"meta":{}}],"startTime":1785343065351,"endTime":1785343065360.2068,"status":"passed","message":"","name":"E:/Tanyptera/tanvis/tests/unit/visAttributeSchema.test.js"}]}