{"numTotalTestSuites":5,"numPassedTestSuites":5,"numFailedTestSuites":0,"numPendingTestSuites":0,"numTotalTests":19,"numPassedTests":19,"numFailedTests":0,"numPendingTests":0,"numTodoTests":0,"snapshot":{"added":0,"failure":false,"filesAdded":0,"filesRemoved":0,"filesRemovedList":[],"filesUnmatched":0,"filesUpdated":0,"matched":0,"total":0,"unchecked":0,"uncheckedKeysByFile":[],"unmatched":0,"updated":0,"didUpdate":false},"startTime":1785153148932,"success":true,"testResults":[{"assertionResults":[{"ancestorTitles":["renderStaticMap"],"fullName":"renderStaticMap calls brc-atlas svgMap and responds to control-block area changes","status":"passed","title":"calls brc-atlas svgMap and responds to control-block area changes","duration":38.74839997291565,"failureMessages":[],"meta":{}},{"ancestorTitles":["renderStaticMap"],"fullName":"renderStaticMap omits gridGjson when hectads is false","status":"passed","title":"omits gridGjson when hectads is false","duration":3.547100067138672,"failureMessages":[],"meta":{}},{"ancestorTitles":["renderStaticMap"],"fullName":"renderStaticMap passes calculated height but not width when width is provided","status":"passed","title":"passes calculated height but not width when width is provided","duration":2.5017999410629272,"failureMessages":[],"meta":{}},{"ancestorTitles":["renderStaticMap"],"fullName":"renderStaticMap uses explicit height when width and height are both provided","status":"passed","title":"uses explicit height when width and height are both provided","duration":2.434100031852722,"failureMessages":[],"meta":{}},{"ancestorTitles":["renderLeafletMap"],"fullName":"renderLeafletMap shows a clear error when Leaflet is not available","status":"passed","title":"shows a clear error when Leaflet is not available","duration":1.9078000783920288,"failureMessages":[],"meta":{}},{"ancestorTitles":["renderLeafletMap"],"fullName":"renderLeafletMap shows an info message when Leaflet CSS is missing","status":"passed","title":"shows an info message when Leaflet CSS is missing","duration":2.019300103187561,"failureMessages":[],"meta":{}},{"ancestorTitles":["renderLeafletMap"],"fullName":"renderLeafletMap responds to control-block area changes","status":"passed","title":"responds to control-block area changes","duration":4.69350004196167,"failureMessages":[],"meta":{}},{"ancestorTitles":["renderLeafletMap"],"fullName":"renderLeafletMap pans to the selected area centroid on initial render","status":"passed","title":"pans to the selected area centroid on initial render","duration":2.378100037574768,"failureMessages":[],"meta":{}},{"ancestorTitles":["renderLeafletMap"],"fullName":"renderLeafletMap passes width and calculated height when width is provided","status":"passed","title":"passes width and calculated height when width is provided","duration":1.9519000053405762,"failureMessages":[],"meta":{}},{"ancestorTitles":["renderLeafletMap"],"fullName":"renderLeafletMap passes explicit width and height independently when both are provided","status":"passed","title":"passes explicit width and height independently when both are provided","duration":1.242400050163269,"failureMessages":[],"meta":{}},{"ancestorTitles":["renderLeafletMap"],"fullName":"renderLeafletMap uses parent width when expand is true","status":"passed","title":"uses parent width when expand is true","duration":4.947200059890747,"failureMessages":[],"meta":{}},{"ancestorTitles":["renderLeafletMap"],"fullName":"renderLeafletMap resizes expanded map using setSize and invalidateSize on window resize","status":"passed","title":"resizes expanded map using setSize and invalidateSize on window resize","duration":2.71969997882843,"failureMessages":[],"meta":{}},{"ancestorTitles":["renderLeafletMap"],"fullName":"renderLeafletMap passes showVcs when boundaries is true","status":"passed","title":"passes showVcs when boundaries is true","duration":1.8974000215530396,"failureMessages":[],"meta":{}}],"startTime":1785153150928,"endTime":1785153150999.8975,"status":"passed","message":"","name":"E:/Tanyptera/tanvis/tests/unit/mapRenderer.test.js"},{"assertionResults":[{"ancestorTitles":["renderTemporalYearChart"],"fullName":"renderTemporalYearChart shows a clear error when BRC Charts is not available","status":"passed","title":"shows a clear error when BRC Charts is not available","duration":20.23199999332428,"failureMessages":[],"meta":{}},{"ancestorTitles":["renderTemporalYearChart"],"fullName":"renderTemporalYearChart shows a clear error when D3 is not available","status":"passed","title":"shows a clear error when D3 is not available","duration":2.260699987411499,"failureMessages":[],"meta":{}},{"ancestorTitles":["renderTemporalYearChart"],"fullName":"renderTemporalYearChart shows an info message when the BRC Charts stylesheet is missing","status":"passed","title":"shows an info message when the BRC Charts stylesheet is missing","duration":100.70469999313354,"failureMessages":[],"meta":{}},{"ancestorTitles":["renderTemporalYearChart"],"fullName":"renderTemporalYearChart queries taxon-year-stats and passes transformed yearly data to brccharts.temporal","status":"passed","title":"queries taxon-year-stats and passes transformed yearly data to brccharts.temporal","duration":16.176200032234192,"failureMessages":[],"meta":{}},{"ancestorTitles":["renderTemporalYearChart"],"fullName":"renderTemporalYearChart shows API errors from taxon-year-stats","status":"passed","title":"shows API errors from taxon-year-stats","duration":8.607699990272522,"failureMessages":[],"meta":{}},{"ancestorTitles":["renderTemporalYearChart"],"fullName":"renderTemporalYearChart listens to linked table species-row-selected events and rerenders with the selected speciesId","status":"passed","title":"listens to linked table species-row-selected events and rerenders with the selected speciesId","duration":9.934400081634521,"failureMessages":[],"meta":{}}],"startTime":1785153150907,"endTime":1785153151065.9343,"status":"passed","message":"","name":"E:/Tanyptera/tanvis/tests/unit/temporalYearChartRenderer.test.js"}]}