{"numTotalTestSuites":29,"numPassedTestSuites":29,"numFailedTestSuites":0,"numPendingTestSuites":0,"numTotalTests":82,"numPassedTests":82,"numFailedTests":0,"numPendingTests":0,"numTodoTests":0,"snapshot":{"added":0,"failure":false,"filesAdded":0,"filesRemoved":0,"filesRemovedList":[],"filesUnmatched":0,"filesUpdated":0,"matched":0,"total":0,"unchecked":0,"uncheckedKeysByFile":[],"unmatched":0,"updated":0,"didUpdate":false},"startTime":1785157820868,"success":true,"testResults":[{"assertionResults":[{"ancestorTitles":["apiBase config"],"fullName":"apiBase config exports the shared default api base","status":"passed","title":"exports the shared default api base","duration":3.5120999813079834,"failureMessages":[],"meta":{}},{"ancestorTitles":["apiBase config"],"fullName":"apiBase config uses the provided source when present and otherwise falls back to the shared default","status":"passed","title":"uses the provided source when present and otherwise falls back to the shared default","duration":0.8791999816894531,"failureMessages":[],"meta":{}}],"startTime":1785157829075,"endTime":1785157829079.8792,"status":"passed","message":"","name":"E:/Tanyptera/tanvis/tests/unit/apiBase.test.js"},{"assertionResults":[{"ancestorTitles":["apiRequest logging"],"fullName":"apiRequest logging logs GET requests to the console","status":"passed","title":"logs GET requests to the console","duration":7.074900031089783,"failureMessages":[],"meta":{}}],"startTime":1785157829739,"endTime":1785157829746.075,"status":"passed","message":"","name":"E:/Tanyptera/tanvis/tests/unit/apiRequest.test.js"},{"assertionResults":[{"ancestorTitles":["renderGridStatsMap"],"fullName":"renderGridStatsMap uses setMapType and redrawMap when switching to Species without recreating map","status":"passed","title":"uses setMapType and redrawMap when switching to Species without recreating map","duration":133.96430003643036,"failureMessages":[],"meta":{}},{"ancestorTitles":["renderGridStatsMap"],"fullName":"renderGridStatsMap hides the switch and defaults mapTypesKey to species when gridStatsType is species","status":"passed","title":"hides the switch and defaults mapTypesKey to species when gridStatsType is species","duration":25.09720003604889,"failureMessages":[],"meta":{}},{"ancestorTitles":["renderGridStatsMap"],"fullName":"renderGridStatsMap uses the rarity map type when gridStatsType is rarity","status":"passed","title":"uses the rarity map type when gridStatsType is rarity","duration":12.636799931526184,"failureMessages":[],"meta":{}},{"ancestorTitles":["renderGridStatsMap"],"fullName":"renderGridStatsMap supports mapType switch with initial static render and toggles to leaflet without refetching","status":"passed","title":"supports mapType switch with initial static render and toggles to leaflet without refetching","duration":46.170300006866455,"failureMessages":[],"meta":{}},{"ancestorTitles":["renderGridStatsMap"],"fullName":"renderGridStatsMap includes a rarity option and resolves an empty payload for it","status":"passed","title":"includes a rarity option and resolves an empty payload for it","duration":18.347100019454956,"failureMessages":[],"meta":{}},{"ancestorTitles":["renderGridStatsMap"],"fullName":"renderGridStatsMap uses host element dataset values for grid stats dot styling","status":"passed","title":"uses host element dataset values for grid stats dot styling","duration":13.231499910354614,"failureMessages":[],"meta":{}},{"ancestorTitles":["renderGridStatsMap"],"fullName":"renderGridStatsMap preserves dataset dot styling when switching from static to leaflet","status":"passed","title":"preserves dataset dot styling when switching from static to leaflet","duration":18.832200050354004,"failureMessages":[],"meta":{}}],"startTime":1785157826207,"endTime":1785157826476.8323,"status":"passed","message":"","name":"E:/Tanyptera/tanvis/tests/unit/gridStatsMapRenderer.test.js"},{"assertionResults":[{"ancestorTitles":["renderIncreasingSpeciesTable"],"fullName":"renderIncreasingSpeciesTable requests topN records and renders a Tabulator table","status":"passed","title":"requests topN records and renders a Tabulator table","duration":59.6032999753952,"failureMessages":[],"meta":{}},{"ancestorTitles":["renderIncreasingSpeciesTable"],"fullName":"renderIncreasingSpeciesTable uses default topN=50 when value is not supplied","status":"passed","title":"uses default topN=50 when value is not supplied","duration":9.996699929237366,"failureMessages":[],"meta":{}},{"ancestorTitles":["renderIncreasingSpeciesTable"],"fullName":"renderIncreasingSpeciesTable refetches with a taxon-group filter when the subscribed control changes group","status":"passed","title":"refetches with a taxon-group filter when the subscribed control changes group","duration":20.866600036621094,"failureMessages":[],"meta":{}}],"startTime":1785157828623,"endTime":1785157828713.8667,"status":"passed","message":"","name":"E:/Tanyptera/tanvis/tests/unit/increasingSpeciesTableRenderer.test.js"},{"assertionResults":[{"ancestorTitles":["renderStaticMap"],"fullName":"renderStaticMap calls brc-atlas svgMap and responds to control-block area changes","status":"passed","title":"calls brc-atlas svgMap and responds to control-block area changes","duration":116.74989998340607,"failureMessages":[],"meta":{}},{"ancestorTitles":["renderStaticMap"],"fullName":"renderStaticMap omits gridGjson when hectads is false","status":"passed","title":"omits gridGjson when hectads is false","duration":5.896000027656555,"failureMessages":[],"meta":{}},{"ancestorTitles":["renderStaticMap"],"fullName":"renderStaticMap passes calculated height but not width when width is provided","status":"passed","title":"passes calculated height but not width when width is provided","duration":7.76800000667572,"failureMessages":[],"meta":{}},{"ancestorTitles":["renderStaticMap"],"fullName":"renderStaticMap uses explicit height when width and height are both provided","status":"passed","title":"uses explicit height when width and height are both provided","duration":5.154800057411194,"failureMessages":[],"meta":{}},{"ancestorTitles":["renderLeafletMap"],"fullName":"renderLeafletMap shows a clear error when Leaflet is not available","status":"passed","title":"shows a clear error when Leaflet is not available","duration":2.7110999822616577,"failureMessages":[],"meta":{}},{"ancestorTitles":["renderLeafletMap"],"fullName":"renderLeafletMap shows an info message when Leaflet CSS is missing","status":"passed","title":"shows an info message when Leaflet CSS is missing","duration":4.943899989128113,"failureMessages":[],"meta":{}},{"ancestorTitles":["renderLeafletMap"],"fullName":"renderLeafletMap responds to control-block area changes","status":"passed","title":"responds to control-block area changes","duration":8.04449999332428,"failureMessages":[],"meta":{}},{"ancestorTitles":["renderLeafletMap"],"fullName":"renderLeafletMap pans to the selected area centroid on initial render","status":"passed","title":"pans to the selected area centroid on initial render","duration":2.505900025367737,"failureMessages":[],"meta":{}},{"ancestorTitles":["renderLeafletMap"],"fullName":"renderLeafletMap passes width and calculated height when width is provided","status":"passed","title":"passes width and calculated height when width is provided","duration":2.729200005531311,"failureMessages":[],"meta":{}},{"ancestorTitles":["renderLeafletMap"],"fullName":"renderLeafletMap passes explicit width and height independently when both are provided","status":"passed","title":"passes explicit width and height independently when both are provided","duration":2.226699948310852,"failureMessages":[],"meta":{}},{"ancestorTitles":["renderLeafletMap"],"fullName":"renderLeafletMap uses parent width when expand is true","status":"passed","title":"uses parent width when expand is true","duration":11.771199941635132,"failureMessages":[],"meta":{}},{"ancestorTitles":["renderLeafletMap"],"fullName":"renderLeafletMap resizes expanded map using setSize and invalidateSize on window resize","status":"passed","title":"resizes expanded map using setSize and invalidateSize on window resize","duration":5.973299980163574,"failureMessages":[],"meta":{}},{"ancestorTitles":["renderLeafletMap"],"fullName":"renderLeafletMap passes showVcs when boundaries is true","status":"passed","title":"passes showVcs when boundaries is true","duration":2.2855000495910645,"failureMessages":[],"meta":{}}],"startTime":1785157825291,"endTime":1785157825472.2854,"status":"passed","message":"","name":"E:/Tanyptera/tanvis/tests/unit/mapRenderer.test.js"},{"assertionResults":[{"ancestorTitles":["resolveActiveMapType"],"fullName":"resolveActiveMapType reads a saved backend selection from the host element when the map container has none","status":"passed","title":"reads a saved backend selection from the host element when the map container has none","duration":11.099599957466125,"failureMessages":[],"meta":{}}],"startTime":1785157828929,"endTime":1785157828940.0996,"status":"passed","message":"","name":"E:/Tanyptera/tanvis/tests/unit/mapTypeSwitchControl.test.js"},{"assertionResults":[{"ancestorTitles":["mock species data"],"fullName":"mock species data includes the requested species identifiers","status":"passed","title":"includes the requested species identifiers","duration":5.095700025558472,"failureMessages":[],"meta":{}}],"startTime":1785157828797,"endTime":1785157828802.0957,"status":"passed","message":"","name":"E:/Tanyptera/tanvis/tests/unit/mockSpeciesData.test.js"},{"assertionResults":[{"ancestorTitles":["renderNewSpeciesTable"],"fullName":"renderNewSpeciesTable fetches records between start and end dates and renders a table","status":"passed","title":"fetches records between start and end dates and renders a table","duration":63.474300026893616,"failureMessages":[],"meta":{}},{"ancestorTitles":["renderNewSpeciesTable"],"fullName":"renderNewSpeciesTable uses the current date when endDate is omitted","status":"passed","title":"uses the current date when endDate is omitted","duration":16.96119999885559,"failureMessages":[],"meta":{}},{"ancestorTitles":["renderNewSpeciesTable"],"fullName":"renderNewSpeciesTable shows a clear error when Tabulator is not available","status":"passed","title":"shows a clear error when Tabulator is not available","duration":9.40470004081726,"failureMessages":[],"meta":{}},{"ancestorTitles":["renderNewSpeciesTable"],"fullName":"renderNewSpeciesTable shows the stylesheet warning beneath the rendered table content when Tabulator CSS is missing","status":"passed","title":"shows the stylesheet warning beneath the rendered table content when Tabulator CSS is missing","duration":12.088899970054626,"failureMessages":[],"meta":{}},{"ancestorTitles":["renderNewSpeciesTable"],"fullName":"renderNewSpeciesTable includes the control-block taxon-group filter when a group is selected","status":"passed","title":"includes the control-block taxon-group filter when a group is selected","duration":9.395799994468689,"failureMessages":[],"meta":{}}],"startTime":1785157825229,"endTime":1785157825341.3958,"status":"passed","message":"","name":"E:/Tanyptera/tanvis/tests/unit/newSpeciesTableRenderer.test.js"},{"assertionResults":[{"ancestorTitles":["parseOptions"],"fullName":"parseOptions reads data attributes","status":"passed","title":"reads data attributes","duration":12.279200077056885,"failureMessages":[],"meta":{}},{"ancestorTitles":["parseOptions"],"fullName":"parseOptions defaults ctl to false when not supplied","status":"passed","title":"defaults ctl to false when not supplied","duration":1.5607000589370728,"failureMessages":[],"meta":{}},{"ancestorTitles":["parseOptions"],"fullName":"parseOptions defaults boundaries to false when not supplied","status":"passed","title":"defaults boundaries to false when not supplied","duration":0.8384000062942505,"failureMessages":[],"meta":{}},{"ancestorTitles":["parseOptions"],"fullName":"parseOptions parses boundaries true when supplied as true","status":"passed","title":"parses boundaries true when supplied as true","duration":1.5166000127792358,"failureMessages":[],"meta":{}},{"ancestorTitles":["parseOptions"],"fullName":"parseOptions defaults hectads to true when not supplied","status":"passed","title":"defaults hectads to true when not supplied","duration":1.5327999591827393,"failureMessages":[],"meta":{}},{"ancestorTitles":["parseOptions"],"fullName":"parseOptions parses hectads false when supplied as false","status":"passed","title":"parses hectads false when supplied as false","duration":1.7333999872207642,"failureMessages":[],"meta":{}},{"ancestorTitles":["parseOptions"],"fullName":"parseOptions does not include expand when not supplied","status":"passed","title":"does not include expand when not supplied","duration":2.1001999378204346,"failureMessages":[],"meta":{}},{"ancestorTitles":["parseOptions"],"fullName":"parseOptions parses expand true when supplied as true","status":"passed","title":"parses expand true when supplied as true","duration":4.110199928283691,"failureMessages":[],"meta":{}},{"ancestorTitles":["parseOptions"],"fullName":"parseOptions parses expand false when supplied as false","status":"passed","title":"parses expand false when supplied as false","duration":1.978700041770935,"failureMessages":[],"meta":{}},{"ancestorTitles":["parseOptions"],"fullName":"parseOptions does not include width when not supplied","status":"passed","title":"does not include width when not supplied","duration":1.4466999769210815,"failureMessages":[],"meta":{}},{"ancestorTitles":["parseOptions"],"fullName":"parseOptions parses width when supplied as a positive number","status":"passed","title":"parses width when supplied as a positive number","duration":0.9092999696731567,"failureMessages":[],"meta":{}},{"ancestorTitles":["parseOptions"],"fullName":"parseOptions ignores width when supplied as a non-positive number","status":"passed","title":"ignores width when supplied as a non-positive number","duration":1.0708999633789062,"failureMessages":[],"meta":{}},{"ancestorTitles":["parseOptions"],"fullName":"parseOptions does not include height when not supplied","status":"passed","title":"does not include height when not supplied","duration":0.6344000101089478,"failureMessages":[],"meta":{}},{"ancestorTitles":["parseOptions"],"fullName":"parseOptions parses height when supplied as a positive number","status":"passed","title":"parses height when supplied as a positive number","duration":2.0062999725341797,"failureMessages":[],"meta":{}},{"ancestorTitles":["parseOptions"],"fullName":"parseOptions ignores height when supplied as a non-positive number","status":"passed","title":"ignores height when supplied as a non-positive number","duration":1.0719000101089478,"failureMessages":[],"meta":{}},{"ancestorTitles":["parseOptions"],"fullName":"parseOptions reads start and end date attributes for new-species-table","status":"passed","title":"reads start and end date attributes for new-species-table","duration":1.0964999198913574,"failureMessages":[],"meta":{}},{"ancestorTitles":["parseOptions"],"fullName":"parseOptions parses data-vis-top-n when supplied","status":"passed","title":"parses data-vis-top-n when supplied","duration":0.7485001087188721,"failureMessages":[],"meta":{}},{"ancestorTitles":["parseOptions"],"fullName":"parseOptions reads taxon and year attributes for temporal-year-chart","status":"passed","title":"reads taxon and year attributes for temporal-year-chart","duration":1.0341999530792236,"failureMessages":[],"meta":{}},{"ancestorTitles":["parseOptions"],"fullName":"parseOptions reads data-vis-linked-table for temporal-year-chart","status":"passed","title":"reads data-vis-linked-table for temporal-year-chart","duration":0.8213000297546387,"failureMessages":[],"meta":{}},{"ancestorTitles":["parseOptions"],"fullName":"parseOptions reads data-vis-year for species-absent-since","status":"passed","title":"reads data-vis-year for species-absent-since","duration":1.1363999843597412,"failureMessages":[],"meta":{}},{"ancestorTitles":["parseOptions"],"fullName":"parseOptions reads data-vis-map-type for map renderers","status":"passed","title":"reads data-vis-map-type for map renderers","duration":1.956299901008606,"failureMessages":[],"meta":{}},{"ancestorTitles":["parseOptions"],"fullName":"parseOptions reads data-vis-species for species-map","status":"passed","title":"reads data-vis-species for species-map","duration":0.9966999292373657,"failureMessages":[],"meta":{}},{"ancestorTitles":["parseOptions"],"fullName":"parseOptions reads data-vis-grid-stats-type for grid-stats-map","status":"passed","title":"reads data-vis-grid-stats-type for grid-stats-map","duration":1.3939999341964722,"failureMessages":[],"meta":{}}],"startTime":1785157824909,"endTime":1785157824955.394,"status":"passed","message":"","name":"E:/Tanyptera/tanvis/tests/unit/parseOptions.test.js"},{"assertionResults":[{"ancestorTitles":["render"],"fullName":"render uses the registered renderer","status":"passed","title":"uses the registered renderer","duration":34.29289996623993,"failureMessages":[],"meta":{}},{"ancestorTitles":["render"],"fullName":"render requires data-vis-start-date for new-species-table","status":"passed","title":"requires data-vis-start-date for new-species-table","duration":6.819499969482422,"failureMessages":[],"meta":{}},{"ancestorTitles":["render"],"fullName":"render renders validation errors inline in the visualization container","status":"passed","title":"renders validation errors inline in the visualization container","duration":7.385400056838989,"failureMessages":[],"meta":{}},{"ancestorTitles":["render"],"fullName":"render renders temporal-year-chart when registered","status":"passed","title":"renders temporal-year-chart when registered","duration":2.7688000202178955,"failureMessages":[],"meta":{}}],"startTime":1785157828708,"endTime":1785157828760.7688,"status":"passed","message":"","name":"E:/Tanyptera/tanvis/tests/unit/render.test.js"},{"assertionResults":[{"ancestorTitles":["scan"],"fullName":"scan returns matching elements","status":"passed","title":"returns matching elements","duration":28.41449999809265,"failureMessages":[],"meta":{}}],"startTime":1785157829875,"endTime":1785157829903.4146,"status":"passed","message":"","name":"E:/Tanyptera/tanvis/tests/unit/scan.test.js"},{"assertionResults":[{"ancestorTitles":["renderSpeciesAbsentSince"],"fullName":"renderSpeciesAbsentSince fetches records with a last_record_date cutoff and renders a table","status":"passed","title":"fetches records with a last_record_date cutoff and renders a table","duration":64.31659996509552,"failureMessages":[],"meta":{}},{"ancestorTitles":["renderSpeciesAbsentSince"],"fullName":"renderSpeciesAbsentSince emits species-row-selected with speciesId on row click","status":"passed","title":"emits species-row-selected with speciesId on row click","duration":20.385799884796143,"failureMessages":[],"meta":{}},{"ancestorTitles":["renderSpeciesAbsentSince"],"fullName":"renderSpeciesAbsentSince shows a clear error when Tabulator is not available","status":"passed","title":"shows a clear error when Tabulator is not available","duration":10.20200002193451,"failureMessages":[],"meta":{}},{"ancestorTitles":["renderSpeciesAbsentSince"],"fullName":"renderSpeciesAbsentSince includes control-block taxon-group and refetches when the group changes","status":"passed","title":"includes control-block taxon-group and refetches when the group changes","duration":14.912000060081482,"failureMessages":[],"meta":{}}],"startTime":1785157825226,"endTime":1785157825335.912,"status":"passed","message":"","name":"E:/Tanyptera/tanvis/tests/unit/speciesAbsentSinceRenderer.test.js"},{"assertionResults":[{"ancestorTitles":["species map redraw flow"],"fullName":"species map redraw flow shows an explicit D3 dependency message when D3 is missing","status":"passed","title":"shows an explicit D3 dependency message when D3 is missing","duration":38.95650005340576,"failureMessages":[],"meta":{}},{"ancestorTitles":["species map redraw flow"],"fullName":"species map redraw flow switches the map to the occurrences type and redraws it","status":"passed","title":"switches the map to the occurrences type and redraws it","duration":5.557699918746948,"failureMessages":[],"meta":{}},{"ancestorTitles":["species map redraw flow"],"fullName":"species map redraw flow uses the latest occurrence rows in the occurrences adapter","status":"passed","title":"uses the latest occurrence rows in the occurrences adapter","duration":17.87090003490448,"failureMessages":[],"meta":{}},{"ancestorTitles":["species map redraw flow"],"fullName":"species map redraw flow ignores rows without grid_ref_2km","status":"passed","title":"ignores rows without grid_ref_2km","duration":1.4100000858306885,"failureMessages":[],"meta":{}},{"ancestorTitles":["species map redraw flow"],"fullName":"species map redraw flow uses host element dataset values for dot styling when rendering the map","status":"passed","title":"uses host element dataset values for dot styling when rendering the map","duration":45.55970001220703,"failureMessages":[],"meta":{}},{"ancestorTitles":["species map redraw flow"],"fullName":"species map redraw flow preserves dataset dot styling when switching from static to leaflet","status":"passed","title":"preserves dataset dot styling when switching from static to leaflet","duration":47.958500027656555,"failureMessages":[],"meta":{}},{"ancestorTitles":["species map redraw flow"],"fullName":"species map redraw flow keeps the map-type toggle visible when a switch-based map is re-rendered as leaflet","status":"passed","title":"keeps the map-type toggle visible when a switch-based map is re-rendered as leaflet","duration":32.53229999542236,"failureMessages":[],"meta":{}},{"ancestorTitles":["species map redraw flow"],"fullName":"species map redraw flow re-renders the species map after a linked table row selection","status":"passed","title":"re-renders the species map after a linked table row selection","duration":24.39550006389618,"failureMessages":[],"meta":{}},{"ancestorTitles":["species map redraw flow"],"fullName":"species map redraw flow reuses the existing map instance when a linked table row changes the species","status":"passed","title":"reuses the existing map instance when a linked table row changes the species","duration":24.824999928474426,"failureMessages":[],"meta":{}},{"ancestorTitles":["species map redraw flow"],"fullName":"species map redraw flow updates the currently visible map after switching map type and selecting a linked-table species","status":"passed","title":"updates the currently visible map after switching map type and selecting a linked-table species","duration":25.834699988365173,"failureMessages":[],"meta":{}},{"ancestorTitles":["species map redraw flow"],"fullName":"species map redraw flow keeps linked-table updates working after a control-driven re-render","status":"passed","title":"keeps linked-table updates working after a control-driven re-render","duration":26.550999999046326,"failureMessages":[],"meta":{}}],"startTime":1785157826382,"endTime":1785157826675.551,"status":"passed","message":"","name":"E:/Tanyptera/tanvis/tests/unit/speciesMap.test.js"},{"assertionResults":[{"ancestorTitles":["renderTemporalYearChart"],"fullName":"renderTemporalYearChart shows a clear error when BRC Charts is not available","status":"passed","title":"shows a clear error when BRC Charts is not available","duration":64.53779995441437,"failureMessages":[],"meta":{}},{"ancestorTitles":["renderTemporalYearChart"],"fullName":"renderTemporalYearChart shows a clear error when D3 is not available","status":"passed","title":"shows a clear error when D3 is not available","duration":3.375399947166443,"failureMessages":[],"meta":{}},{"ancestorTitles":["renderTemporalYearChart"],"fullName":"renderTemporalYearChart shows an info message when the BRC Charts stylesheet is missing","status":"passed","title":"shows an info message when the BRC Charts stylesheet is missing","duration":37.94010007381439,"failureMessages":[],"meta":{}},{"ancestorTitles":["renderTemporalYearChart"],"fullName":"renderTemporalYearChart queries taxon-year-stats and passes transformed yearly data to brccharts.temporal","status":"passed","title":"queries taxon-year-stats and passes transformed yearly data to brccharts.temporal","duration":18.299399971961975,"failureMessages":[],"meta":{}},{"ancestorTitles":["renderTemporalYearChart"],"fullName":"renderTemporalYearChart shows API errors from taxon-year-stats","status":"passed","title":"shows API errors from taxon-year-stats","duration":9.296499967575073,"failureMessages":[],"meta":{}},{"ancestorTitles":["renderTemporalYearChart"],"fullName":"renderTemporalYearChart listens to linked table species-row-selected events and rerenders with the selected speciesId","status":"passed","title":"listens to linked table species-row-selected events and rerenders with the selected speciesId","duration":22.144700050354004,"failureMessages":[],"meta":{}}],"startTime":1785157825266,"endTime":1785157825423.1448,"status":"passed","message":"","name":"E:/Tanyptera/tanvis/tests/unit/temporalYearChartRenderer.test.js"}]}