{"numTotalTestSuites":33,"numPassedTestSuites":33,"numFailedTestSuites":0,"numPendingTestSuites":0,"numTotalTests":95,"numPassedTests":95,"numFailedTests":0,"numPendingTests":0,"numTodoTests":0,"snapshot":{"added":0,"failure":false,"filesAdded":0,"filesRemoved":0,"filesRemovedList":[],"filesUnmatched":0,"filesUpdated":0,"matched":0,"total":0,"unchecked":0,"uncheckedKeysByFile":[],"unmatched":0,"updated":0,"didUpdate":false},"startTime":1785411491814,"success":true,"testResults":[{"assertionResults":[{"ancestorTitles":["apiBase config"],"fullName":"apiBase config exports the shared default api base","status":"passed","title":"exports the shared default api base","duration":3.1993000507354736,"failureMessages":[],"meta":{}},{"ancestorTitles":["apiBase config"],"fullName":"apiBase config always returns the shared default api base","status":"passed","title":"always returns the shared default api base","duration":0.8222000598907471,"failureMessages":[],"meta":{}}],"startTime":1785411501086,"endTime":1785411501089.8223,"status":"passed","message":"","name":"E:/Tanyptera/tanvis/tests/unit/apiBase.test.js"},{"assertionResults":[{"ancestorTitles":["apiRequest logging"],"fullName":"apiRequest logging logs GET requests to the console","status":"passed","title":"logs GET requests to the console","duration":7.105800032615662,"failureMessages":[],"meta":{}}],"startTime":1785411500987,"endTime":1785411500994.1057,"status":"passed","message":"","name":"E:/Tanyptera/tanvis/tests/unit/apiRequest.test.js"},{"assertionResults":[{"ancestorTitles":["control block species selector"],"fullName":"control block species selector searches taxa by scientific name and dispatches the selected species id","status":"passed","title":"searches taxa by scientific name and dispatches the selected species id","duration":467.9721999168396,"failureMessages":[],"meta":{}},{"ancestorTitles":["control block species selector"],"fullName":"control block species selector keeps the existing results visible while a newer query is pending","status":"passed","title":"keeps the existing results visible while a newer query is pending","duration":764.7239999771118,"failureMessages":[],"meta":{}},{"ancestorTitles":["control block species selector"],"fullName":"control block species selector does not request taxa again when the search is cleared","status":"passed","title":"does not request taxa again when the search is cleared","duration":730.3716999292374,"failureMessages":[],"meta":{}},{"ancestorTitles":["control block species selector"],"fullName":"control block species selector clears the input and results after a species is selected","status":"passed","title":"clears the input and results after a species is selected","duration":399.4042000770569,"failureMessages":[],"meta":{}},{"ancestorTitles":["control block species selector"],"fullName":"control block species selector switches to the vernacular filter when the label mode is vernacular","status":"passed","title":"switches to the vernacular filter when the label mode is vernacular","duration":366.70819997787476,"failureMessages":[],"meta":{}}],"startTime":1785411495544,"endTime":1785411498272.7083,"status":"passed","message":"","name":"E:/Tanyptera/tanvis/tests/unit/controlBlock.test.js"},{"assertionResults":[{"ancestorTitles":["renderGridStatsMap"],"fullName":"renderGridStatsMap uses setMapType and redrawMap when switching to Species without recreating map","status":"passed","title":"uses setMapType and redrawMap when switching to Species without recreating map","duration":90.44190001487732,"failureMessages":[],"meta":{}},{"ancestorTitles":["renderGridStatsMap"],"fullName":"renderGridStatsMap hides the switch and defaults mapTypesKey to species when gridStatsType is species","status":"passed","title":"hides the switch and defaults mapTypesKey to species when gridStatsType is species","duration":14.61549997329712,"failureMessages":[],"meta":{}},{"ancestorTitles":["renderGridStatsMap"],"fullName":"renderGridStatsMap uses the rarity map type when gridStatsType is rarity","status":"passed","title":"uses the rarity map type when gridStatsType is rarity","duration":11.631600022315979,"failureMessages":[],"meta":{}},{"ancestorTitles":["renderGridStatsMap"],"fullName":"renderGridStatsMap supports mapType switch with initial static render and toggles to leaflet without refetching","status":"passed","title":"supports mapType switch with initial static render and toggles to leaflet without refetching","duration":28.89490008354187,"failureMessages":[],"meta":{}},{"ancestorTitles":["renderGridStatsMap"],"fullName":"renderGridStatsMap includes a rarity option and resolves an empty payload for it","status":"passed","title":"includes a rarity option and resolves an empty payload for it","duration":13.573300004005432,"failureMessages":[],"meta":{}},{"ancestorTitles":["renderGridStatsMap"],"fullName":"renderGridStatsMap uses host element dataset values for grid stats dot styling","status":"passed","title":"uses host element dataset values for grid stats dot styling","duration":15.694599986076355,"failureMessages":[],"meta":{}},{"ancestorTitles":["renderGridStatsMap"],"fullName":"renderGridStatsMap preserves dataset dot styling when switching from static to leaflet","status":"passed","title":"preserves dataset dot styling when switching from static to leaflet","duration":17.93560004234314,"failureMessages":[],"meta":{}}],"startTime":1785411499398,"endTime":1785411499591.9355,"status":"passed","message":"","name":"E:/Tanyptera/tanvis/tests/unit/gridStatsMapRenderer.test.js"},{"assertionResults":[{"ancestorTitles":["renderIncreasingSpeciesTable"],"fullName":"renderIncreasingSpeciesTable requests topN records and renders a Tabulator table","status":"passed","title":"requests topN records and renders a Tabulator table","duration":45.30040001869202,"failureMessages":[],"meta":{}},{"ancestorTitles":["renderIncreasingSpeciesTable"],"fullName":"renderIncreasingSpeciesTable uses default topN=50 when value is not supplied","status":"passed","title":"uses default topN=50 when value is not supplied","duration":4.489499926567078,"failureMessages":[],"meta":{}},{"ancestorTitles":["renderIncreasingSpeciesTable"],"fullName":"renderIncreasingSpeciesTable refetches with a taxon-group filter when the subscribed control changes group","status":"passed","title":"refetches with a taxon-group filter when the subscribed control changes group","duration":15.174299955368042,"failureMessages":[],"meta":{}}],"startTime":1785411497998,"endTime":1785411498063.1743,"status":"passed","message":"","name":"E:/Tanyptera/tanvis/tests/unit/increasingSpeciesTableRenderer.test.js"},{"assertionResults":[{"ancestorTitles":["renderStaticMap"],"fullName":"renderStaticMap calls brc-atlas svgMap and responds to control-block area changes","status":"passed","title":"calls brc-atlas svgMap and responds to control-block area changes","duration":48.05140006542206,"failureMessages":[],"meta":{}},{"ancestorTitles":["renderStaticMap"],"fullName":"renderStaticMap omits gridGjson when hectads is false","status":"passed","title":"omits gridGjson when hectads is false","duration":5.919700026512146,"failureMessages":[],"meta":{}},{"ancestorTitles":["renderStaticMap"],"fullName":"renderStaticMap passes calculated height but not width when width is provided","status":"passed","title":"passes calculated height but not width when width is provided","duration":5.020699977874756,"failureMessages":[],"meta":{}},{"ancestorTitles":["renderStaticMap"],"fullName":"renderStaticMap uses explicit height when width and height are both provided","status":"passed","title":"uses explicit height when width and height are both provided","duration":3.6396000385284424,"failureMessages":[],"meta":{}},{"ancestorTitles":["renderLeafletMap"],"fullName":"renderLeafletMap shows a clear error when Leaflet is not available","status":"passed","title":"shows a clear error when Leaflet is not available","duration":3.0951000452041626,"failureMessages":[],"meta":{}},{"ancestorTitles":["renderLeafletMap"],"fullName":"renderLeafletMap shows an info message when Leaflet CSS is missing","status":"passed","title":"shows an info message when Leaflet CSS is missing","duration":3.8086999654769897,"failureMessages":[],"meta":{}},{"ancestorTitles":["renderLeafletMap"],"fullName":"renderLeafletMap responds to control-block area changes","status":"passed","title":"responds to control-block area changes","duration":5.132599949836731,"failureMessages":[],"meta":{}},{"ancestorTitles":["renderLeafletMap"],"fullName":"renderLeafletMap pans to the selected area centroid on initial render","status":"passed","title":"pans to the selected area centroid on initial render","duration":2.3128000497817993,"failureMessages":[],"meta":{}},{"ancestorTitles":["renderLeafletMap"],"fullName":"renderLeafletMap passes width and calculated height when width is provided","status":"passed","title":"passes width and calculated height when width is provided","duration":2.006600022315979,"failureMessages":[],"meta":{}},{"ancestorTitles":["renderLeafletMap"],"fullName":"renderLeafletMap passes explicit width and height independently when both are provided","status":"passed","title":"passes explicit width and height independently when both are provided","duration":2.7821000814437866,"failureMessages":[],"meta":{}},{"ancestorTitles":["renderLeafletMap"],"fullName":"renderLeafletMap uses parent width when expand is true","status":"passed","title":"uses parent width when expand is true","duration":7.942299962043762,"failureMessages":[],"meta":{}},{"ancestorTitles":["renderLeafletMap"],"fullName":"renderLeafletMap resizes expanded map using setSize and invalidateSize on window resize","status":"passed","title":"resizes expanded map using setSize and invalidateSize on window resize","duration":2.749899983406067,"failureMessages":[],"meta":{}},{"ancestorTitles":["renderLeafletMap"],"fullName":"renderLeafletMap passes showVcs when boundaries is true","status":"passed","title":"passes showVcs when boundaries is true","duration":0.9466999769210815,"failureMessages":[],"meta":{}}],"startTime":1785411495547,"endTime":1785411495642.9468,"status":"passed","message":"","name":"E:/Tanyptera/tanvis/tests/unit/mapRenderer.test.js"},{"assertionResults":[{"ancestorTitles":["resolveActiveMapType"],"fullName":"resolveActiveMapType reads a saved backend selection from the host element when the map container has none","status":"passed","title":"reads a saved backend selection from the host element when the map container has none","duration":8.636099934577942,"failureMessages":[],"meta":{}}],"startTime":1785411500914,"endTime":1785411500922.636,"status":"passed","message":"","name":"E:/Tanyptera/tanvis/tests/unit/mapTypeSwitchControl.test.js"},{"assertionResults":[{"ancestorTitles":["mock species data"],"fullName":"mock species data includes the requested species identifiers","status":"passed","title":"includes the requested species identifiers","duration":4.157099962234497,"failureMessages":[],"meta":{}}],"startTime":1785411501029,"endTime":1785411501033.157,"status":"passed","message":"","name":"E:/Tanyptera/tanvis/tests/unit/mockSpeciesData.test.js"},{"assertionResults":[{"ancestorTitles":["renderNewSpeciesTable"],"fullName":"renderNewSpeciesTable fetches records between start and end dates and renders a table","status":"passed","title":"fetches records between start and end dates and renders a table","duration":46.96970009803772,"failureMessages":[],"meta":{}},{"ancestorTitles":["renderNewSpeciesTable"],"fullName":"renderNewSpeciesTable uses the current date when endDate is omitted","status":"passed","title":"uses the current date when endDate is omitted","duration":9.413300037384033,"failureMessages":[],"meta":{}},{"ancestorTitles":["renderNewSpeciesTable"],"fullName":"renderNewSpeciesTable shows a clear error when Tabulator is not available","status":"passed","title":"shows a clear error when Tabulator is not available","duration":20.504899978637695,"failureMessages":[],"meta":{}},{"ancestorTitles":["renderNewSpeciesTable"],"fullName":"renderNewSpeciesTable shows the stylesheet warning beneath the rendered table content when Tabulator CSS is missing","status":"passed","title":"shows the stylesheet warning beneath the rendered table content when Tabulator CSS is missing","duration":12.158499956130981,"failureMessages":[],"meta":{}},{"ancestorTitles":["renderNewSpeciesTable"],"fullName":"renderNewSpeciesTable includes the control-block taxon-group filter when a group is selected","status":"passed","title":"includes the control-block taxon-group filter when a group is selected","duration":22.958399891853333,"failureMessages":[],"meta":{}}],"startTime":1785411495422,"endTime":1785411495533.9585,"status":"passed","message":"","name":"E:/Tanyptera/tanvis/tests/unit/newSpeciesTableRenderer.test.js"},{"assertionResults":[{"ancestorTitles":["parseOptions"],"fullName":"parseOptions reads the supported data attributes without a source override","status":"passed","title":"reads the supported data attributes without a source override","duration":8.862800002098083,"failureMessages":[],"meta":{}},{"ancestorTitles":["parseOptions"],"fullName":"parseOptions does not default to a supported vis-type when data-vis-type is missing","status":"passed","title":"does not default to a supported vis-type when data-vis-type is missing","duration":1.7425999641418457,"failureMessages":[],"meta":{}},{"ancestorTitles":["parseOptions"],"fullName":"parseOptions defaults boundaries to false when not supplied","status":"passed","title":"defaults boundaries to false when not supplied","duration":1.0894999504089355,"failureMessages":[],"meta":{}},{"ancestorTitles":["parseOptions"],"fullName":"parseOptions parses boundaries true when supplied as true","status":"passed","title":"parses boundaries true when supplied as true","duration":1.1547999382019043,"failureMessages":[],"meta":{}},{"ancestorTitles":["parseOptions"],"fullName":"parseOptions defaults hectads to true when not supplied","status":"passed","title":"defaults hectads to true when not supplied","duration":0.5072000026702881,"failureMessages":[],"meta":{}},{"ancestorTitles":["parseOptions"],"fullName":"parseOptions parses hectads false when supplied as false","status":"passed","title":"parses hectads false when supplied as false","duration":1.5268000364303589,"failureMessages":[],"meta":{}},{"ancestorTitles":["parseOptions"],"fullName":"parseOptions includes expand as undefined when not supplied","status":"passed","title":"includes expand as undefined when not supplied","duration":0.9529000520706177,"failureMessages":[],"meta":{}},{"ancestorTitles":["parseOptions"],"fullName":"parseOptions parses expand true when supplied as true","status":"passed","title":"parses expand true when supplied as true","duration":0.9641000032424927,"failureMessages":[],"meta":{}},{"ancestorTitles":["parseOptions"],"fullName":"parseOptions parses expand false when supplied as false","status":"passed","title":"parses expand false when supplied as false","duration":1.3674999475479126,"failureMessages":[],"meta":{}},{"ancestorTitles":["parseOptions"],"fullName":"parseOptions includes width as undefined when not supplied","status":"passed","title":"includes width as undefined when not supplied","duration":0.8841999769210815,"failureMessages":[],"meta":{}},{"ancestorTitles":["parseOptions"],"fullName":"parseOptions parses width when supplied as a positive number","status":"passed","title":"parses width when supplied as a positive number","duration":0.6847000122070312,"failureMessages":[],"meta":{}},{"ancestorTitles":["parseOptions"],"fullName":"parseOptions includes width as undefined when supplied as a non-positive number","status":"passed","title":"includes width as undefined when supplied as a non-positive number","duration":0.7312999963760376,"failureMessages":[],"meta":{}},{"ancestorTitles":["parseOptions"],"fullName":"parseOptions includes height as undefined when not supplied","status":"passed","title":"includes height as undefined when not supplied","duration":0.4325000047683716,"failureMessages":[],"meta":{}},{"ancestorTitles":["parseOptions"],"fullName":"parseOptions parses height when supplied as a positive number","status":"passed","title":"parses height when supplied as a positive number","duration":0.8147000074386597,"failureMessages":[],"meta":{}},{"ancestorTitles":["parseOptions"],"fullName":"parseOptions includes height as undefined when supplied as a non-positive number","status":"passed","title":"includes height as undefined when supplied as a non-positive number","duration":1.071000099182129,"failureMessages":[],"meta":{}},{"ancestorTitles":["parseOptions"],"fullName":"parseOptions reads start and end date attributes for new-species-table","status":"passed","title":"reads start and end date attributes for new-species-table","duration":1.784999966621399,"failureMessages":[],"meta":{}},{"ancestorTitles":["parseOptions"],"fullName":"parseOptions parses data-vis-top-n when supplied","status":"passed","title":"parses data-vis-top-n when supplied","duration":0.6607999801635742,"failureMessages":[],"meta":{}},{"ancestorTitles":["parseOptions"],"fullName":"parseOptions reads taxon and year attributes for temporal-year-chart","status":"passed","title":"reads taxon and year attributes for temporal-year-chart","duration":1.5547000169754028,"failureMessages":[],"meta":{}},{"ancestorTitles":["parseOptions"],"fullName":"parseOptions reads data-vis-linked-table for temporal-year-chart","status":"passed","title":"reads data-vis-linked-table for temporal-year-chart","duration":0.9634000062942505,"failureMessages":[],"meta":{}},{"ancestorTitles":["parseOptions"],"fullName":"parseOptions reads data-vis-year for species-absent-since","status":"passed","title":"reads data-vis-year for species-absent-since","duration":0.770799994468689,"failureMessages":[],"meta":{}},{"ancestorTitles":["parseOptions"],"fullName":"parseOptions defaults dot styling properties when data attributes are absent","status":"passed","title":"defaults dot styling properties when data attributes are absent","duration":0.9045000076293945,"failureMessages":[],"meta":{}},{"ancestorTitles":["parseOptions"],"fullName":"parseOptions reads data-vis-map-type for map renderers","status":"passed","title":"reads data-vis-map-type for map renderers","duration":0.7369999885559082,"failureMessages":[],"meta":{}},{"ancestorTitles":["parseOptions"],"fullName":"parseOptions reads data-vis-taxonid for species-map","status":"passed","title":"reads data-vis-taxonid for species-map","duration":0.8082998991012573,"failureMessages":[],"meta":{}},{"ancestorTitles":["parseOptions"],"fullName":"parseOptions reads data-vis-grid-stats-type for grid-stats-map","status":"passed","title":"reads data-vis-grid-stats-type for grid-stats-map","duration":0.9177000522613525,"failureMessages":[],"meta":{}},{"ancestorTitles":["parseOptions"],"fullName":"parseOptions defaults grid-stats-map mapType to static when data-vis-map-type is absent","status":"passed","title":"defaults grid-stats-map mapType to static when data-vis-map-type is absent","duration":0.7064000368118286,"failureMessages":[],"meta":{}},{"ancestorTitles":["parseOptions"],"fullName":"parseOptions reads data-vis-map-type for grid-stats-map","status":"passed","title":"reads data-vis-map-type for grid-stats-map","duration":0.7017999887466431,"failureMessages":[],"meta":{}}],"startTime":1785411495424,"endTime":1785411495458.702,"status":"passed","message":"","name":"E:/Tanyptera/tanvis/tests/unit/parseOptions.test.js"},{"assertionResults":[{"ancestorTitles":["render"],"fullName":"render uses the registered renderer","status":"passed","title":"uses the registered renderer","duration":26.247400045394897,"failureMessages":[],"meta":{}},{"ancestorTitles":["render"],"fullName":"render requires data-vis-start-date for new-species-table","status":"passed","title":"requires data-vis-start-date for new-species-table","duration":6.725000023841858,"failureMessages":[],"meta":{}},{"ancestorTitles":["render"],"fullName":"render renders validation errors inline in the visualization container","status":"passed","title":"renders validation errors inline in the visualization container","duration":7.124099969863892,"failureMessages":[],"meta":{}},{"ancestorTitles":["render"],"fullName":"render renders temporal-year-chart when registered","status":"passed","title":"renders temporal-year-chart when registered","duration":3.598099946975708,"failureMessages":[],"meta":{}}],"startTime":1785411498176,"endTime":1785411498220.5981,"status":"passed","message":"","name":"E:/Tanyptera/tanvis/tests/unit/render.test.js"},{"assertionResults":[{"ancestorTitles":["scan"],"fullName":"scan returns matching elements","status":"passed","title":"returns matching elements","duration":29.740700006484985,"failureMessages":[],"meta":{}}],"startTime":1785411501148,"endTime":1785411501177.7407,"status":"passed","message":"","name":"E:/Tanyptera/tanvis/tests/unit/scan.test.js"},{"assertionResults":[{"ancestorTitles":["renderSpeciesAbsentSince"],"fullName":"renderSpeciesAbsentSince fetches records with a last_record_date cutoff and renders a table","status":"passed","title":"fetches records with a last_record_date cutoff and renders a table","duration":44.29460000991821,"failureMessages":[],"meta":{}},{"ancestorTitles":["renderSpeciesAbsentSince"],"fullName":"renderSpeciesAbsentSince emits species-row-selected with speciesId on row click","status":"passed","title":"emits species-row-selected with speciesId on row click","duration":9.9721999168396,"failureMessages":[],"meta":{}},{"ancestorTitles":["renderSpeciesAbsentSince"],"fullName":"renderSpeciesAbsentSince shows a clear error when Tabulator is not available","status":"passed","title":"shows a clear error when Tabulator is not available","duration":9.147799968719482,"failureMessages":[],"meta":{}},{"ancestorTitles":["renderSpeciesAbsentSince"],"fullName":"renderSpeciesAbsentSince includes control-block taxon-group and refetches when the group changes","status":"passed","title":"includes control-block taxon-group and refetches when the group changes","duration":24.45609998703003,"failureMessages":[],"meta":{}}],"startTime":1785411497973,"endTime":1785411498060.456,"status":"passed","message":"","name":"E:/Tanyptera/tanvis/tests/unit/speciesAbsentSinceRenderer.test.js"},{"assertionResults":[{"ancestorTitles":["species map redraw flow"],"fullName":"species map redraw flow shows an explicit D3 dependency message when D3 is missing","status":"passed","title":"shows an explicit D3 dependency message when D3 is missing","duration":38.53729999065399,"failureMessages":[],"meta":{}},{"ancestorTitles":["species map redraw flow"],"fullName":"species map redraw flow switches the map to the occurrences type and redraws it","status":"passed","title":"switches the map to the occurrences type and redraws it","duration":3.175399899482727,"failureMessages":[],"meta":{}},{"ancestorTitles":["species map redraw flow"],"fullName":"species map redraw flow uses the latest occurrence rows in the occurrences adapter","status":"passed","title":"uses the latest occurrence rows in the occurrences adapter","duration":3.960300087928772,"failureMessages":[],"meta":{}},{"ancestorTitles":["species map redraw flow"],"fullName":"species map redraw flow ignores rows without grid_ref_2km","status":"passed","title":"ignores rows without grid_ref_2km","duration":1.1116000413894653,"failureMessages":[],"meta":{}},{"ancestorTitles":["species map redraw flow"],"fullName":"species map redraw flow uses host element dataset values for dot styling when rendering the map","status":"passed","title":"uses host element dataset values for dot styling when rendering the map","duration":43.07279992103577,"failureMessages":[],"meta":{}},{"ancestorTitles":["species map redraw flow"],"fullName":"species map redraw flow preserves dataset dot styling when switching from static to leaflet","status":"passed","title":"preserves dataset dot styling when switching from static to leaflet","duration":50.04390001296997,"failureMessages":[],"meta":{}},{"ancestorTitles":["species map redraw flow"],"fullName":"species map redraw flow keeps the map-type toggle visible when a switch-based map is re-rendered as leaflet","status":"passed","title":"keeps the map-type toggle visible when a switch-based map is re-rendered as leaflet","duration":21.37880003452301,"failureMessages":[],"meta":{}},{"ancestorTitles":["species map redraw flow"],"fullName":"species map redraw flow re-renders the species map after a linked table row selection","status":"passed","title":"re-renders the species map after a linked table row selection","duration":19.236999988555908,"failureMessages":[],"meta":{}},{"ancestorTitles":["species map redraw flow"],"fullName":"species map redraw flow reuses the existing map instance when a linked table row changes the species","status":"passed","title":"reuses the existing map instance when a linked table row changes the species","duration":15.186500072479248,"failureMessages":[],"meta":{}},{"ancestorTitles":["species map redraw flow"],"fullName":"species map redraw flow updates the currently visible map after switching map type and selecting a linked-table species","status":"passed","title":"updates the currently visible map after switching map type and selecting a linked-table species","duration":29.94480001926422,"failureMessages":[],"meta":{}},{"ancestorTitles":["species map redraw flow"],"fullName":"species map redraw flow re-renders the species map after a control-block species selection","status":"passed","title":"re-renders the species map after a control-block species selection","duration":25.787500023841858,"failureMessages":[],"meta":{}},{"ancestorTitles":["species map redraw flow"],"fullName":"species map redraw flow keeps linked-table updates working after a control-driven re-render","status":"passed","title":"keeps linked-table updates working after a control-driven re-render","duration":54.16879999637604,"failureMessages":[],"meta":{}}],"startTime":1785411499415,"endTime":1785411499721.1687,"status":"passed","message":"","name":"E:/Tanyptera/tanvis/tests/unit/speciesMap.test.js"},{"assertionResults":[{"ancestorTitles":["renderTemporalYearChart"],"fullName":"renderTemporalYearChart shows a clear error when BRC Charts is not available","status":"passed","title":"shows a clear error when BRC Charts is not available","duration":27.60319995880127,"failureMessages":[],"meta":{}},{"ancestorTitles":["renderTemporalYearChart"],"fullName":"renderTemporalYearChart shows a clear error when D3 is not available","status":"passed","title":"shows a clear error when D3 is not available","duration":2.725100040435791,"failureMessages":[],"meta":{}},{"ancestorTitles":["renderTemporalYearChart"],"fullName":"renderTemporalYearChart shows an info message when the BRC Charts stylesheet is missing","status":"passed","title":"shows an info message when the BRC Charts stylesheet is missing","duration":16.67049992084503,"failureMessages":[],"meta":{}},{"ancestorTitles":["renderTemporalYearChart"],"fullName":"renderTemporalYearChart queries taxon-year-stats and passes transformed yearly data to brccharts.temporal","status":"passed","title":"queries taxon-year-stats and passes transformed yearly data to brccharts.temporal","duration":18.144499897956848,"failureMessages":[],"meta":{}},{"ancestorTitles":["renderTemporalYearChart"],"fullName":"renderTemporalYearChart shows API errors from taxon-year-stats","status":"passed","title":"shows API errors from taxon-year-stats","duration":7.633000016212463,"failureMessages":[],"meta":{}},{"ancestorTitles":["renderTemporalYearChart"],"fullName":"renderTemporalYearChart listens to linked table species-row-selected events and rerenders with the selected speciesId","status":"passed","title":"listens to linked table species-row-selected events and rerenders with the selected speciesId","duration":25.69410002231598,"failureMessages":[],"meta":{}}],"startTime":1785411495451,"endTime":1785411495549.694,"status":"passed","message":"","name":"E:/Tanyptera/tanvis/tests/unit/temporalYearChartRenderer.test.js"},{"assertionResults":[{"ancestorTitles":["getVisAttributeSchema"],"fullName":"getVisAttributeSchema keeps per-vis-type rules explicit while resolving shared defaults","status":"passed","title":"keeps per-vis-type rules explicit while resolving shared defaults","duration":4.469799995422363,"failureMessages":[],"meta":{}},{"ancestorTitles":["getVisAttributeSchema"],"fullName":"getVisAttributeSchema exposes a combined parse-and-validate handler on each rule","status":"passed","title":"exposes a combined parse-and-validate handler on each rule","duration":3.145799994468689,"failureMessages":[],"meta":{}},{"ancestorTitles":["getVisAttributeSchema"],"fullName":"getVisAttributeSchema always includes shared rules even when vis-type lists do not mention them explicitly","status":"passed","title":"always includes shared rules even when vis-type lists do not mention them explicitly","duration":2.2211999893188477,"failureMessages":[],"meta":{}},{"ancestorTitles":["getVisAttributeSchema"],"fullName":"getVisAttributeSchema exposes boundaries for map-based visualizations but not temporal-year-chart","status":"passed","title":"exposes boundaries for map-based visualizations but not temporal-year-chart","duration":0.8521000146865845,"failureMessages":[],"meta":{}}],"startTime":1785411497997,"endTime":1785411498007.852,"status":"passed","message":"","name":"E:/Tanyptera/tanvis/tests/unit/visAttributeSchema.test.js"}]}