{"numTotalTestSuites":33,"numPassedTestSuites":33,"numFailedTestSuites":0,"numPendingTestSuites":0,"numTotalTests":96,"numPassedTests":96,"numFailedTests":0,"numPendingTests":0,"numTodoTests":0,"snapshot":{"added":0,"failure":false,"filesAdded":0,"filesRemoved":0,"filesRemovedList":[],"filesUnmatched":0,"filesUpdated":0,"matched":0,"total":0,"unchecked":0,"uncheckedKeysByFile":[],"unmatched":0,"updated":0,"didUpdate":false},"startTime":1785345610125,"success":true,"testResults":[{"assertionResults":[{"ancestorTitles":["apiBase config"],"fullName":"apiBase config exports the shared default api base","status":"passed","title":"exports the shared default api base","duration":2.7832000255584717,"failureMessages":[],"meta":{}},{"ancestorTitles":["apiBase config"],"fullName":"apiBase config always returns the shared default api base","status":"passed","title":"always returns the shared default api base","duration":0.48259997367858887,"failureMessages":[],"meta":{}}],"startTime":1785345618608,"endTime":1785345618611.4827,"status":"passed","message":"","name":"E:/Tanyptera/tanvis/tests/unit/apiBase.test.js"},{"assertionResults":[{"ancestorTitles":["apiRequest logging"],"fullName":"apiRequest logging logs GET requests to the console","status":"passed","title":"logs GET requests to the console","duration":4.851199984550476,"failureMessages":[],"meta":{}}],"startTime":1785345618566,"endTime":1785345618570.8513,"status":"passed","message":"","name":"E:/Tanyptera/tanvis/tests/unit/apiRequest.test.js"},{"assertionResults":[{"ancestorTitles":["control block species selector"],"fullName":"control block species selector searches taxa by scientific name and dispatches the selected species id","status":"passed","title":"searches taxa by scientific name and dispatches the selected species id","duration":525.672600030899,"failureMessages":[],"meta":{}},{"ancestorTitles":["control block species selector"],"fullName":"control block species selector keeps the existing results visible while a newer query is pending","status":"passed","title":"keeps the existing results visible while a newer query is pending","duration":766.5215001106262,"failureMessages":[],"meta":{}},{"ancestorTitles":["control block species selector"],"fullName":"control block species selector does not request taxa again when the search is cleared","status":"passed","title":"does not request taxa again when the search is cleared","duration":747.1527999639511,"failureMessages":[],"meta":{}},{"ancestorTitles":["control block species selector"],"fullName":"control block species selector clears the input and results after a species is selected","status":"passed","title":"clears the input and results after a species is selected","duration":399.2353000640869,"failureMessages":[],"meta":{}},{"ancestorTitles":["control block species selector"],"fullName":"control block species selector switches to the vernacular filter when the label mode is vernacular","status":"passed","title":"switches to the vernacular filter when the label mode is vernacular","duration":387.1035999059677,"failureMessages":[],"meta":{}}],"startTime":1785345613419,"endTime":1785345616245.1035,"status":"passed","message":"","name":"E:/Tanyptera/tanvis/tests/unit/controlBlock.test.js"},{"assertionResults":[{"ancestorTitles":["renderGridStatsMap"],"fullName":"renderGridStatsMap uses setMapType and redrawMap when switching to Species without recreating map","status":"passed","title":"uses setMapType and redrawMap when switching to Species without recreating map","duration":106.52960002422333,"failureMessages":[],"meta":{}},{"ancestorTitles":["renderGridStatsMap"],"fullName":"renderGridStatsMap hides the switch and defaults mapTypesKey to species when gridStatsType is species","status":"passed","title":"hides the switch and defaults mapTypesKey to species when gridStatsType is species","duration":22.37090003490448,"failureMessages":[],"meta":{}},{"ancestorTitles":["renderGridStatsMap"],"fullName":"renderGridStatsMap uses the rarity map type when gridStatsType is rarity","status":"passed","title":"uses the rarity map type when gridStatsType is rarity","duration":11.922700047492981,"failureMessages":[],"meta":{}},{"ancestorTitles":["renderGridStatsMap"],"fullName":"renderGridStatsMap supports mapType switch with initial static render and toggles to leaflet without refetching","status":"passed","title":"supports mapType switch with initial static render and toggles to leaflet without refetching","duration":41.623600006103516,"failureMessages":[],"meta":{}},{"ancestorTitles":["renderGridStatsMap"],"fullName":"renderGridStatsMap includes a rarity option and resolves an empty payload for it","status":"passed","title":"includes a rarity option and resolves an empty payload for it","duration":12.828199982643127,"failureMessages":[],"meta":{}},{"ancestorTitles":["renderGridStatsMap"],"fullName":"renderGridStatsMap uses host element dataset values for grid stats dot styling","status":"passed","title":"uses host element dataset values for grid stats dot styling","duration":8.744199991226196,"failureMessages":[],"meta":{}},{"ancestorTitles":["renderGridStatsMap"],"fullName":"renderGridStatsMap preserves dataset dot styling when switching from static to leaflet","status":"passed","title":"preserves dataset dot styling when switching from static to leaflet","duration":20.627099990844727,"failureMessages":[],"meta":{}}],"startTime":1785345614279,"endTime":1785345614504.6272,"status":"passed","message":"","name":"E:/Tanyptera/tanvis/tests/unit/gridStatsMapRenderer.test.js"},{"assertionResults":[{"ancestorTitles":["renderIncreasingSpeciesTable"],"fullName":"renderIncreasingSpeciesTable requests topN records and renders a Tabulator table","status":"passed","title":"requests topN records and renders a Tabulator table","duration":59.48450005054474,"failureMessages":[],"meta":{}},{"ancestorTitles":["renderIncreasingSpeciesTable"],"fullName":"renderIncreasingSpeciesTable uses default topN=50 when value is not supplied","status":"passed","title":"uses default topN=50 when value is not supplied","duration":7.230599999427795,"failureMessages":[],"meta":{}},{"ancestorTitles":["renderIncreasingSpeciesTable"],"fullName":"renderIncreasingSpeciesTable refetches with a taxon-group filter when the subscribed control changes group","status":"passed","title":"refetches with a taxon-group filter when the subscribed control changes group","duration":18.93910002708435,"failureMessages":[],"meta":{}}],"startTime":1785345616329,"endTime":1785345616414.9392,"status":"passed","message":"","name":"E:/Tanyptera/tanvis/tests/unit/increasingSpeciesTableRenderer.test.js"},{"assertionResults":[{"ancestorTitles":["renderStaticMap"],"fullName":"renderStaticMap calls brc-atlas svgMap and responds to control-block area changes","status":"passed","title":"calls brc-atlas svgMap and responds to control-block area changes","duration":85.75019991397858,"failureMessages":[],"meta":{}},{"ancestorTitles":["renderStaticMap"],"fullName":"renderStaticMap omits gridGjson when hectads is false","status":"passed","title":"omits gridGjson when hectads is false","duration":10.04639995098114,"failureMessages":[],"meta":{}},{"ancestorTitles":["renderStaticMap"],"fullName":"renderStaticMap passes calculated height but not width when width is provided","status":"passed","title":"passes calculated height but not width when width is provided","duration":12.089499950408936,"failureMessages":[],"meta":{}},{"ancestorTitles":["renderStaticMap"],"fullName":"renderStaticMap uses explicit height when width and height are both provided","status":"passed","title":"uses explicit height when width and height are both provided","duration":4.453000068664551,"failureMessages":[],"meta":{}},{"ancestorTitles":["renderLeafletMap"],"fullName":"renderLeafletMap shows a clear error when Leaflet is not available","status":"passed","title":"shows a clear error when Leaflet is not available","duration":3.8492000102996826,"failureMessages":[],"meta":{}},{"ancestorTitles":["renderLeafletMap"],"fullName":"renderLeafletMap shows an info message when Leaflet CSS is missing","status":"passed","title":"shows an info message when Leaflet CSS is missing","duration":6.224200010299683,"failureMessages":[],"meta":{}},{"ancestorTitles":["renderLeafletMap"],"fullName":"renderLeafletMap responds to control-block area changes","status":"passed","title":"responds to control-block area changes","duration":7.231600046157837,"failureMessages":[],"meta":{}},{"ancestorTitles":["renderLeafletMap"],"fullName":"renderLeafletMap pans to the selected area centroid on initial render","status":"passed","title":"pans to the selected area centroid on initial render","duration":2.535699963569641,"failureMessages":[],"meta":{}},{"ancestorTitles":["renderLeafletMap"],"fullName":"renderLeafletMap passes width and calculated height when width is provided","status":"passed","title":"passes width and calculated height when width is provided","duration":4.0777000188827515,"failureMessages":[],"meta":{}},{"ancestorTitles":["renderLeafletMap"],"fullName":"renderLeafletMap passes explicit width and height independently when both are provided","status":"passed","title":"passes explicit width and height independently when both are provided","duration":2.906700015068054,"failureMessages":[],"meta":{}},{"ancestorTitles":["renderLeafletMap"],"fullName":"renderLeafletMap uses parent width when expand is true","status":"passed","title":"uses parent width when expand is true","duration":7.638299942016602,"failureMessages":[],"meta":{}},{"ancestorTitles":["renderLeafletMap"],"fullName":"renderLeafletMap resizes expanded map using setSize and invalidateSize on window resize","status":"passed","title":"resizes expanded map using setSize and invalidateSize on window resize","duration":4.315700054168701,"failureMessages":[],"meta":{}},{"ancestorTitles":["renderLeafletMap"],"fullName":"renderLeafletMap passes showVcs when boundaries is true","status":"passed","title":"passes showVcs when boundaries is true","duration":2.90719997882843,"failureMessages":[],"meta":{}}],"startTime":1785345613432,"endTime":1785345613588.9072,"status":"passed","message":"","name":"E:/Tanyptera/tanvis/tests/unit/mapRenderer.test.js"},{"assertionResults":[{"ancestorTitles":["resolveActiveMapType"],"fullName":"resolveActiveMapType reads a saved backend selection from the host element when the map container has none","status":"passed","title":"reads a saved backend selection from the host element when the map container has none","duration":9.973099946975708,"failureMessages":[],"meta":{}}],"startTime":1785345617401,"endTime":1785345617410.9731,"status":"passed","message":"","name":"E:/Tanyptera/tanvis/tests/unit/mapTypeSwitchControl.test.js"},{"assertionResults":[{"ancestorTitles":["mock species data"],"fullName":"mock species data includes the requested species identifiers","status":"passed","title":"includes the requested species identifiers","duration":4.22350001335144,"failureMessages":[],"meta":{}}],"startTime":1785345617378,"endTime":1785345617382.2234,"status":"passed","message":"","name":"E:/Tanyptera/tanvis/tests/unit/mockSpeciesData.test.js"},{"assertionResults":[{"ancestorTitles":["renderNewSpeciesTable"],"fullName":"renderNewSpeciesTable fetches records between start and end dates and renders a table","status":"passed","title":"fetches records between start and end dates and renders a table","duration":56.793999910354614,"failureMessages":[],"meta":{}},{"ancestorTitles":["renderNewSpeciesTable"],"fullName":"renderNewSpeciesTable uses the current date when endDate is omitted","status":"passed","title":"uses the current date when endDate is omitted","duration":8.457599997520447,"failureMessages":[],"meta":{}},{"ancestorTitles":["renderNewSpeciesTable"],"fullName":"renderNewSpeciesTable shows a clear error when Tabulator is not available","status":"passed","title":"shows a clear error when Tabulator is not available","duration":8.965399980545044,"failureMessages":[],"meta":{}},{"ancestorTitles":["renderNewSpeciesTable"],"fullName":"renderNewSpeciesTable shows the stylesheet warning beneath the rendered table content when Tabulator CSS is missing","status":"passed","title":"shows the stylesheet warning beneath the rendered table content when Tabulator CSS is missing","duration":12.345600008964539,"failureMessages":[],"meta":{}},{"ancestorTitles":["renderNewSpeciesTable"],"fullName":"renderNewSpeciesTable includes the control-block taxon-group filter when a group is selected","status":"passed","title":"includes the control-block taxon-group filter when a group is selected","duration":10.816100001335144,"failureMessages":[],"meta":{}}],"startTime":1785345616244,"endTime":1785345616341.8162,"status":"passed","message":"","name":"E:/Tanyptera/tanvis/tests/unit/newSpeciesTableRenderer.test.js"},{"assertionResults":[{"ancestorTitles":["parseOptions"],"fullName":"parseOptions reads the supported data attributes without a source override","status":"passed","title":"reads the supported data attributes without a source override","duration":10.314599990844727,"failureMessages":[],"meta":{}},{"ancestorTitles":["parseOptions"],"fullName":"parseOptions does not default to a supported vis-type when data-vis-type is missing","status":"passed","title":"does not default to a supported vis-type when data-vis-type is missing","duration":1.9093999862670898,"failureMessages":[],"meta":{}},{"ancestorTitles":["parseOptions"],"fullName":"parseOptions defaults ctl to false when not supplied","status":"passed","title":"defaults ctl to false when not supplied","duration":1.1183000802993774,"failureMessages":[],"meta":{}},{"ancestorTitles":["parseOptions"],"fullName":"parseOptions defaults boundaries to false when not supplied","status":"passed","title":"defaults boundaries to false when not supplied","duration":0.937999963760376,"failureMessages":[],"meta":{}},{"ancestorTitles":["parseOptions"],"fullName":"parseOptions parses boundaries true when supplied as true","status":"passed","title":"parses boundaries true when supplied as true","duration":1.5087000131607056,"failureMessages":[],"meta":{}},{"ancestorTitles":["parseOptions"],"fullName":"parseOptions defaults hectads to true when not supplied","status":"passed","title":"defaults hectads to true when not supplied","duration":1.4280999898910522,"failureMessages":[],"meta":{}},{"ancestorTitles":["parseOptions"],"fullName":"parseOptions parses hectads false when supplied as false","status":"passed","title":"parses hectads false when supplied as false","duration":1.6601999998092651,"failureMessages":[],"meta":{}},{"ancestorTitles":["parseOptions"],"fullName":"parseOptions includes expand as undefined when not supplied","status":"passed","title":"includes expand as undefined when not supplied","duration":6.100200057029724,"failureMessages":[],"meta":{}},{"ancestorTitles":["parseOptions"],"fullName":"parseOptions parses expand true when supplied as true","status":"passed","title":"parses expand true when supplied as true","duration":2.19760000705719,"failureMessages":[],"meta":{}},{"ancestorTitles":["parseOptions"],"fullName":"parseOptions parses expand false when supplied as false","status":"passed","title":"parses expand false when supplied as false","duration":1.4620000123977661,"failureMessages":[],"meta":{}},{"ancestorTitles":["parseOptions"],"fullName":"parseOptions includes width as undefined when not supplied","status":"passed","title":"includes width as undefined when not supplied","duration":2.6993000507354736,"failureMessages":[],"meta":{}},{"ancestorTitles":["parseOptions"],"fullName":"parseOptions parses width when supplied as a positive number","status":"passed","title":"parses width when supplied as a positive number","duration":0.8213999271392822,"failureMessages":[],"meta":{}},{"ancestorTitles":["parseOptions"],"fullName":"parseOptions includes width as undefined when supplied as a non-positive number","status":"passed","title":"includes width as undefined when supplied as a non-positive number","duration":1.372999906539917,"failureMessages":[],"meta":{}},{"ancestorTitles":["parseOptions"],"fullName":"parseOptions includes height as undefined when not supplied","status":"passed","title":"includes height as undefined when not supplied","duration":1.61080002784729,"failureMessages":[],"meta":{}},{"ancestorTitles":["parseOptions"],"fullName":"parseOptions parses height when supplied as a positive number","status":"passed","title":"parses height when supplied as a positive number","duration":5.390100002288818,"failureMessages":[],"meta":{}},{"ancestorTitles":["parseOptions"],"fullName":"parseOptions includes height as undefined when supplied as a non-positive number","status":"passed","title":"includes height as undefined when supplied as a non-positive number","duration":1.5282000303268433,"failureMessages":[],"meta":{}},{"ancestorTitles":["parseOptions"],"fullName":"parseOptions reads start and end date attributes for new-species-table","status":"passed","title":"reads start and end date attributes for new-species-table","duration":3.6333999633789062,"failureMessages":[],"meta":{}},{"ancestorTitles":["parseOptions"],"fullName":"parseOptions parses data-vis-top-n when supplied","status":"passed","title":"parses data-vis-top-n when supplied","duration":0.597000002861023,"failureMessages":[],"meta":{}},{"ancestorTitles":["parseOptions"],"fullName":"parseOptions reads taxon and year attributes for temporal-year-chart","status":"passed","title":"reads taxon and year attributes for temporal-year-chart","duration":1.9189000129699707,"failureMessages":[],"meta":{}},{"ancestorTitles":["parseOptions"],"fullName":"parseOptions reads data-vis-linked-table for temporal-year-chart","status":"passed","title":"reads data-vis-linked-table for temporal-year-chart","duration":1.1308000087738037,"failureMessages":[],"meta":{}},{"ancestorTitles":["parseOptions"],"fullName":"parseOptions reads data-vis-year for species-absent-since","status":"passed","title":"reads data-vis-year for species-absent-since","duration":0.9875999689102173,"failureMessages":[],"meta":{}},{"ancestorTitles":["parseOptions"],"fullName":"parseOptions defaults dot styling properties when data attributes are absent","status":"passed","title":"defaults dot styling properties when data attributes are absent","duration":1.6164000034332275,"failureMessages":[],"meta":{}},{"ancestorTitles":["parseOptions"],"fullName":"parseOptions reads data-vis-map-type for map renderers","status":"passed","title":"reads data-vis-map-type for map renderers","duration":1.2295000553131104,"failureMessages":[],"meta":{}},{"ancestorTitles":["parseOptions"],"fullName":"parseOptions reads data-vis-taxonid for species-map","status":"passed","title":"reads data-vis-taxonid for species-map","duration":2.921999931335449,"failureMessages":[],"meta":{}},{"ancestorTitles":["parseOptions"],"fullName":"parseOptions reads data-vis-grid-stats-type for grid-stats-map","status":"passed","title":"reads data-vis-grid-stats-type for grid-stats-map","duration":1.3317999839782715,"failureMessages":[],"meta":{}},{"ancestorTitles":["parseOptions"],"fullName":"parseOptions defaults grid-stats-map mapType to static when data-vis-map-type is absent","status":"passed","title":"defaults grid-stats-map mapType to static when data-vis-map-type is absent","duration":0.6926999092102051,"failureMessages":[],"meta":{}},{"ancestorTitles":["parseOptions"],"fullName":"parseOptions reads data-vis-map-type for grid-stats-map","status":"passed","title":"reads data-vis-map-type for grid-stats-map","duration":0.5949000120162964,"failureMessages":[],"meta":{}}],"startTime":1785345613250,"endTime":1785345613312.6926,"status":"passed","message":"","name":"E:/Tanyptera/tanvis/tests/unit/parseOptions.test.js"},{"assertionResults":[{"ancestorTitles":["render"],"fullName":"render uses the registered renderer","status":"passed","title":"uses the registered renderer","duration":33.83899998664856,"failureMessages":[],"meta":{}},{"ancestorTitles":["render"],"fullName":"render requires data-vis-start-date for new-species-table","status":"passed","title":"requires data-vis-start-date for new-species-table","duration":8.314599990844727,"failureMessages":[],"meta":{}},{"ancestorTitles":["render"],"fullName":"render renders validation errors inline in the visualization container","status":"passed","title":"renders validation errors inline in the visualization container","duration":7.004699945449829,"failureMessages":[],"meta":{}},{"ancestorTitles":["render"],"fullName":"render renders temporal-year-chart when registered","status":"passed","title":"renders temporal-year-chart when registered","duration":2.904900074005127,"failureMessages":[],"meta":{}}],"startTime":1785345616449,"endTime":1785345616501.9048,"status":"passed","message":"","name":"E:/Tanyptera/tanvis/tests/unit/render.test.js"},{"assertionResults":[{"ancestorTitles":["scan"],"fullName":"scan returns matching elements","status":"passed","title":"returns matching elements","duration":19.860599994659424,"failureMessages":[],"meta":{}}],"startTime":1785345618682,"endTime":1785345618701.8606,"status":"passed","message":"","name":"E:/Tanyptera/tanvis/tests/unit/scan.test.js"},{"assertionResults":[{"ancestorTitles":["renderSpeciesAbsentSince"],"fullName":"renderSpeciesAbsentSince fetches records with a last_record_date cutoff and renders a table","status":"passed","title":"fetches records with a last_record_date cutoff and renders a table","duration":81.52090001106262,"failureMessages":[],"meta":{}},{"ancestorTitles":["renderSpeciesAbsentSince"],"fullName":"renderSpeciesAbsentSince emits species-row-selected with speciesId on row click","status":"passed","title":"emits species-row-selected with speciesId on row click","duration":20.58210003376007,"failureMessages":[],"meta":{}},{"ancestorTitles":["renderSpeciesAbsentSince"],"fullName":"renderSpeciesAbsentSince shows a clear error when Tabulator is not available","status":"passed","title":"shows a clear error when Tabulator is not available","duration":10.755399942398071,"failureMessages":[],"meta":{}},{"ancestorTitles":["renderSpeciesAbsentSince"],"fullName":"renderSpeciesAbsentSince includes control-block taxon-group and refetches when the group changes","status":"passed","title":"includes control-block taxon-group and refetches when the group changes","duration":23.184900045394897,"failureMessages":[],"meta":{}}],"startTime":1785345613344,"endTime":1785345613480.1848,"status":"passed","message":"","name":"E:/Tanyptera/tanvis/tests/unit/speciesAbsentSinceRenderer.test.js"},{"assertionResults":[{"ancestorTitles":["species map redraw flow"],"fullName":"species map redraw flow shows an explicit D3 dependency message when D3 is missing","status":"passed","title":"shows an explicit D3 dependency message when D3 is missing","duration":35.96249997615814,"failureMessages":[],"meta":{}},{"ancestorTitles":["species map redraw flow"],"fullName":"species map redraw flow switches the map to the occurrences type and redraws it","status":"passed","title":"switches the map to the occurrences type and redraws it","duration":3.2342000007629395,"failureMessages":[],"meta":{}},{"ancestorTitles":["species map redraw flow"],"fullName":"species map redraw flow uses the latest occurrence rows in the occurrences adapter","status":"passed","title":"uses the latest occurrence rows in the occurrences adapter","duration":7.195499897003174,"failureMessages":[],"meta":{}},{"ancestorTitles":["species map redraw flow"],"fullName":"species map redraw flow ignores rows without grid_ref_2km","status":"passed","title":"ignores rows without grid_ref_2km","duration":1.7254999876022339,"failureMessages":[],"meta":{}},{"ancestorTitles":["species map redraw flow"],"fullName":"species map redraw flow uses host element dataset values for dot styling when rendering the map","status":"passed","title":"uses host element dataset values for dot styling when rendering the map","duration":54.95959997177124,"failureMessages":[],"meta":{}},{"ancestorTitles":["species map redraw flow"],"fullName":"species map redraw flow preserves dataset dot styling when switching from static to leaflet","status":"passed","title":"preserves dataset dot styling when switching from static to leaflet","duration":47.58199989795685,"failureMessages":[],"meta":{}},{"ancestorTitles":["species map redraw flow"],"fullName":"species map redraw flow keeps the map-type toggle visible when a switch-based map is re-rendered as leaflet","status":"passed","title":"keeps the map-type toggle visible when a switch-based map is re-rendered as leaflet","duration":45.664900064468384,"failureMessages":[],"meta":{}},{"ancestorTitles":["species map redraw flow"],"fullName":"species map redraw flow re-renders the species map after a linked table row selection","status":"passed","title":"re-renders the species map after a linked table row selection","duration":19.584200024604797,"failureMessages":[],"meta":{}},{"ancestorTitles":["species map redraw flow"],"fullName":"species map redraw flow reuses the existing map instance when a linked table row changes the species","status":"passed","title":"reuses the existing map instance when a linked table row changes the species","duration":22.149099946022034,"failureMessages":[],"meta":{}},{"ancestorTitles":["species map redraw flow"],"fullName":"species map redraw flow updates the currently visible map after switching map type and selecting a linked-table species","status":"passed","title":"updates the currently visible map after switching map type and selecting a linked-table species","duration":47.55809998512268,"failureMessages":[],"meta":{}},{"ancestorTitles":["species map redraw flow"],"fullName":"species map redraw flow re-renders the species map after a control-block species selection","status":"passed","title":"re-renders the species map after a control-block species selection","duration":26.791899919509888,"failureMessages":[],"meta":{}},{"ancestorTitles":["species map redraw flow"],"fullName":"species map redraw flow keeps linked-table updates working after a control-driven re-render","status":"passed","title":"keeps linked-table updates working after a control-driven re-render","duration":34.9021999835968,"failureMessages":[],"meta":{}}],"startTime":1785345614279,"endTime":1785345614626.902,"status":"passed","message":"","name":"E:/Tanyptera/tanvis/tests/unit/speciesMap.test.js"},{"assertionResults":[{"ancestorTitles":["renderTemporalYearChart"],"fullName":"renderTemporalYearChart shows a clear error when BRC Charts is not available","status":"passed","title":"shows a clear error when BRC Charts is not available","duration":47.905800104141235,"failureMessages":[],"meta":{}},{"ancestorTitles":["renderTemporalYearChart"],"fullName":"renderTemporalYearChart shows a clear error when D3 is not available","status":"passed","title":"shows a clear error when D3 is not available","duration":6.324599981307983,"failureMessages":[],"meta":{}},{"ancestorTitles":["renderTemporalYearChart"],"fullName":"renderTemporalYearChart shows an info message when the BRC Charts stylesheet is missing","status":"passed","title":"shows an info message when the BRC Charts stylesheet is missing","duration":33.68159997463226,"failureMessages":[],"meta":{}},{"ancestorTitles":["renderTemporalYearChart"],"fullName":"renderTemporalYearChart queries taxon-year-stats and passes transformed yearly data to brccharts.temporal","status":"passed","title":"queries taxon-year-stats and passes transformed yearly data to brccharts.temporal","duration":20.50090003013611,"failureMessages":[],"meta":{}},{"ancestorTitles":["renderTemporalYearChart"],"fullName":"renderTemporalYearChart shows API errors from taxon-year-stats","status":"passed","title":"shows API errors from taxon-year-stats","duration":6.822200059890747,"failureMessages":[],"meta":{}},{"ancestorTitles":["renderTemporalYearChart"],"fullName":"renderTemporalYearChart listens to linked table species-row-selected events and rerenders with the selected speciesId","status":"passed","title":"listens to linked table species-row-selected events and rerenders with the selected speciesId","duration":18.740000009536743,"failureMessages":[],"meta":{}}],"startTime":1785345613384,"endTime":1785345613518.74,"status":"passed","message":"","name":"E:/Tanyptera/tanvis/tests/unit/temporalYearChartRenderer.test.js"},{"assertionResults":[{"ancestorTitles":["getVisAttributeSchema"],"fullName":"getVisAttributeSchema keeps per-vis-type rules explicit while resolving shared defaults","status":"passed","title":"keeps per-vis-type rules explicit while resolving shared defaults","duration":9.145599961280823,"failureMessages":[],"meta":{}},{"ancestorTitles":["getVisAttributeSchema"],"fullName":"getVisAttributeSchema exposes a combined parse-and-validate handler on each rule","status":"passed","title":"exposes a combined parse-and-validate handler on each rule","duration":2.4233999252319336,"failureMessages":[],"meta":{}},{"ancestorTitles":["getVisAttributeSchema"],"fullName":"getVisAttributeSchema always includes shared rules even when vis-type lists do not mention them explicitly","status":"passed","title":"always includes shared rules even when vis-type lists do not mention them explicitly","duration":1.9789999723434448,"failureMessages":[],"meta":{}},{"ancestorTitles":["getVisAttributeSchema"],"fullName":"getVisAttributeSchema exposes boundaries for map-based visualizations but not temporal-year-chart","status":"passed","title":"exposes boundaries for map-based visualizations but not temporal-year-chart","duration":0.807900071144104,"failureMessages":[],"meta":{}}],"startTime":1785345616249,"endTime":1785345616263.8079,"status":"passed","message":"","name":"E:/Tanyptera/tanvis/tests/unit/visAttributeSchema.test.js"}]}