{"numTotalTestSuites":33,"numPassedTestSuites":33,"numFailedTestSuites":0,"numPendingTestSuites":0,"numTotalTests":96,"numPassedTests":96,"numFailedTests":0,"numPendingTests":0,"numTodoTests":0,"snapshot":{"added":0,"failure":false,"filesAdded":0,"filesRemoved":0,"filesRemovedList":[],"filesUnmatched":0,"filesUpdated":0,"matched":0,"total":0,"unchecked":0,"uncheckedKeysByFile":[],"unmatched":0,"updated":0,"didUpdate":false},"startTime":1785346860529,"success":true,"testResults":[{"assertionResults":[{"ancestorTitles":["apiBase config"],"fullName":"apiBase config exports the shared default api base","status":"passed","title":"exports the shared default api base","duration":2.653499960899353,"failureMessages":[],"meta":{}},{"ancestorTitles":["apiBase config"],"fullName":"apiBase config always returns the shared default api base","status":"passed","title":"always returns the shared default api base","duration":0.7352999448776245,"failureMessages":[],"meta":{}}],"startTime":1785346869678,"endTime":1785346869680.7354,"status":"passed","message":"","name":"E:/Tanyptera/tanvis/tests/unit/apiBase.test.js"},{"assertionResults":[{"ancestorTitles":["apiRequest logging"],"fullName":"apiRequest logging logs GET requests to the console","status":"passed","title":"logs GET requests to the console","duration":6.783699989318848,"failureMessages":[],"meta":{}}],"startTime":1785346869553,"endTime":1785346869559.7837,"status":"passed","message":"","name":"E:/Tanyptera/tanvis/tests/unit/apiRequest.test.js"},{"assertionResults":[{"ancestorTitles":["control block species selector"],"fullName":"control block species selector searches taxa by scientific name and dispatches the selected species id","status":"passed","title":"searches taxa by scientific name and dispatches the selected species id","duration":533.1651999950409,"failureMessages":[],"meta":{}},{"ancestorTitles":["control block species selector"],"fullName":"control block species selector keeps the existing results visible while a newer query is pending","status":"passed","title":"keeps the existing results visible while a newer query is pending","duration":813.9248000383377,"failureMessages":[],"meta":{}},{"ancestorTitles":["control block species selector"],"fullName":"control block species selector does not request taxa again when the search is cleared","status":"passed","title":"does not request taxa again when the search is cleared","duration":744.9866999387741,"failureMessages":[],"meta":{}},{"ancestorTitles":["control block species selector"],"fullName":"control block species selector clears the input and results after a species is selected","status":"passed","title":"clears the input and results after a species is selected","duration":399.74179995059967,"failureMessages":[],"meta":{}},{"ancestorTitles":["control block species selector"],"fullName":"control block species selector switches to the vernacular filter when the label mode is vernacular","status":"passed","title":"switches to the vernacular filter when the label mode is vernacular","duration":388.2058000564575,"failureMessages":[],"meta":{}}],"startTime":1785346864330,"endTime":1785346867211.2058,"status":"passed","message":"","name":"E:/Tanyptera/tanvis/tests/unit/controlBlock.test.js"},{"assertionResults":[{"ancestorTitles":["renderGridStatsMap"],"fullName":"renderGridStatsMap uses setMapType and redrawMap when switching to Species without recreating map","status":"passed","title":"uses setMapType and redrawMap when switching to Species without recreating map","duration":86.48140001296997,"failureMessages":[],"meta":{}},{"ancestorTitles":["renderGridStatsMap"],"fullName":"renderGridStatsMap hides the switch and defaults mapTypesKey to species when gridStatsType is species","status":"passed","title":"hides the switch and defaults mapTypesKey to species when gridStatsType is species","duration":15.55299997329712,"failureMessages":[],"meta":{}},{"ancestorTitles":["renderGridStatsMap"],"fullName":"renderGridStatsMap uses the rarity map type when gridStatsType is rarity","status":"passed","title":"uses the rarity map type when gridStatsType is rarity","duration":12.491299986839294,"failureMessages":[],"meta":{}},{"ancestorTitles":["renderGridStatsMap"],"fullName":"renderGridStatsMap supports mapType switch with initial static render and toggles to leaflet without refetching","status":"passed","title":"supports mapType switch with initial static render and toggles to leaflet without refetching","duration":32.84819996356964,"failureMessages":[],"meta":{}},{"ancestorTitles":["renderGridStatsMap"],"fullName":"renderGridStatsMap includes a rarity option and resolves an empty payload for it","status":"passed","title":"includes a rarity option and resolves an empty payload for it","duration":15.41789996623993,"failureMessages":[],"meta":{}},{"ancestorTitles":["renderGridStatsMap"],"fullName":"renderGridStatsMap uses host element dataset values for grid stats dot styling","status":"passed","title":"uses host element dataset values for grid stats dot styling","duration":18.345399975776672,"failureMessages":[],"meta":{}},{"ancestorTitles":["renderGridStatsMap"],"fullName":"renderGridStatsMap preserves dataset dot styling when switching from static to leaflet","status":"passed","title":"preserves dataset dot styling when switching from static to leaflet","duration":31.398200035095215,"failureMessages":[],"meta":{}}],"startTime":1785346865196,"endTime":1785346865410.3982,"status":"passed","message":"","name":"E:/Tanyptera/tanvis/tests/unit/gridStatsMapRenderer.test.js"},{"assertionResults":[{"ancestorTitles":["renderIncreasingSpeciesTable"],"fullName":"renderIncreasingSpeciesTable requests topN records and renders a Tabulator table","status":"passed","title":"requests topN records and renders a Tabulator table","duration":61.713199973106384,"failureMessages":[],"meta":{}},{"ancestorTitles":["renderIncreasingSpeciesTable"],"fullName":"renderIncreasingSpeciesTable uses default topN=50 when value is not supplied","status":"passed","title":"uses default topN=50 when value is not supplied","duration":14.438499927520752,"failureMessages":[],"meta":{}},{"ancestorTitles":["renderIncreasingSpeciesTable"],"fullName":"renderIncreasingSpeciesTable refetches with a taxon-group filter when the subscribed control changes group","status":"passed","title":"refetches with a taxon-group filter when the subscribed control changes group","duration":27.92360007762909,"failureMessages":[],"meta":{}}],"startTime":1785346867370,"endTime":1785346867473.9236,"status":"passed","message":"","name":"E:/Tanyptera/tanvis/tests/unit/increasingSpeciesTableRenderer.test.js"},{"assertionResults":[{"ancestorTitles":["renderStaticMap"],"fullName":"renderStaticMap calls brc-atlas svgMap and responds to control-block area changes","status":"passed","title":"calls brc-atlas svgMap and responds to control-block area changes","duration":63.78200006484985,"failureMessages":[],"meta":{}},{"ancestorTitles":["renderStaticMap"],"fullName":"renderStaticMap omits gridGjson when hectads is false","status":"passed","title":"omits gridGjson when hectads is false","duration":11.313799977302551,"failureMessages":[],"meta":{}},{"ancestorTitles":["renderStaticMap"],"fullName":"renderStaticMap passes calculated height but not width when width is provided","status":"passed","title":"passes calculated height but not width when width is provided","duration":3.6295000314712524,"failureMessages":[],"meta":{}},{"ancestorTitles":["renderStaticMap"],"fullName":"renderStaticMap uses explicit height when width and height are both provided","status":"passed","title":"uses explicit height when width and height are both provided","duration":3.6447999477386475,"failureMessages":[],"meta":{}},{"ancestorTitles":["renderLeafletMap"],"fullName":"renderLeafletMap shows a clear error when Leaflet is not available","status":"passed","title":"shows a clear error when Leaflet is not available","duration":4.282699942588806,"failureMessages":[],"meta":{}},{"ancestorTitles":["renderLeafletMap"],"fullName":"renderLeafletMap shows an info message when Leaflet CSS is missing","status":"passed","title":"shows an info message when Leaflet CSS is missing","duration":4.454300045967102,"failureMessages":[],"meta":{}},{"ancestorTitles":["renderLeafletMap"],"fullName":"renderLeafletMap responds to control-block area changes","status":"passed","title":"responds to control-block area changes","duration":5.028599977493286,"failureMessages":[],"meta":{}},{"ancestorTitles":["renderLeafletMap"],"fullName":"renderLeafletMap pans to the selected area centroid on initial render","status":"passed","title":"pans to the selected area centroid on initial render","duration":3.0300999879837036,"failureMessages":[],"meta":{}},{"ancestorTitles":["renderLeafletMap"],"fullName":"renderLeafletMap passes width and calculated height when width is provided","status":"passed","title":"passes width and calculated height when width is provided","duration":3.748199939727783,"failureMessages":[],"meta":{}},{"ancestorTitles":["renderLeafletMap"],"fullName":"renderLeafletMap passes explicit width and height independently when both are provided","status":"passed","title":"passes explicit width and height independently when both are provided","duration":1.9515999555587769,"failureMessages":[],"meta":{}},{"ancestorTitles":["renderLeafletMap"],"fullName":"renderLeafletMap uses parent width when expand is true","status":"passed","title":"uses parent width when expand is true","duration":10.14550006389618,"failureMessages":[],"meta":{}},{"ancestorTitles":["renderLeafletMap"],"fullName":"renderLeafletMap resizes expanded map using setSize and invalidateSize on window resize","status":"passed","title":"resizes expanded map using setSize and invalidateSize on window resize","duration":6.262599945068359,"failureMessages":[],"meta":{}},{"ancestorTitles":["renderLeafletMap"],"fullName":"renderLeafletMap passes showVcs when boundaries is true","status":"passed","title":"passes showVcs when boundaries is true","duration":2.6115000247955322,"failureMessages":[],"meta":{}}],"startTime":1785346864355,"endTime":1785346864481.6116,"status":"passed","message":"","name":"E:/Tanyptera/tanvis/tests/unit/mapRenderer.test.js"},{"assertionResults":[{"ancestorTitles":["resolveActiveMapType"],"fullName":"resolveActiveMapType reads a saved backend selection from the host element when the map container has none","status":"passed","title":"reads a saved backend selection from the host element when the map container has none","duration":9.75849997997284,"failureMessages":[],"meta":{}}],"startTime":1785346868457,"endTime":1785346868466.7585,"status":"passed","message":"","name":"E:/Tanyptera/tanvis/tests/unit/mapTypeSwitchControl.test.js"},{"assertionResults":[{"ancestorTitles":["mock species data"],"fullName":"mock species data includes the requested species identifiers","status":"passed","title":"includes the requested species identifiers","duration":4.0396000146865845,"failureMessages":[],"meta":{}}],"startTime":1785346868331,"endTime":1785346868335.0396,"status":"passed","message":"","name":"E:/Tanyptera/tanvis/tests/unit/mockSpeciesData.test.js"},{"assertionResults":[{"ancestorTitles":["renderNewSpeciesTable"],"fullName":"renderNewSpeciesTable fetches records between start and end dates and renders a table","status":"passed","title":"fetches records between start and end dates and renders a table","duration":61.837599992752075,"failureMessages":[],"meta":{}},{"ancestorTitles":["renderNewSpeciesTable"],"fullName":"renderNewSpeciesTable uses the current date when endDate is omitted","status":"passed","title":"uses the current date when endDate is omitted","duration":16.866400003433228,"failureMessages":[],"meta":{}},{"ancestorTitles":["renderNewSpeciesTable"],"fullName":"renderNewSpeciesTable shows a clear error when Tabulator is not available","status":"passed","title":"shows a clear error when Tabulator is not available","duration":13.84310007095337,"failureMessages":[],"meta":{}},{"ancestorTitles":["renderNewSpeciesTable"],"fullName":"renderNewSpeciesTable shows the stylesheet warning beneath the rendered table content when Tabulator CSS is missing","status":"passed","title":"shows the stylesheet warning beneath the rendered table content when Tabulator CSS is missing","duration":13.756999969482422,"failureMessages":[],"meta":{}},{"ancestorTitles":["renderNewSpeciesTable"],"fullName":"renderNewSpeciesTable includes the control-block taxon-group filter when a group is selected","status":"passed","title":"includes the control-block taxon-group filter when a group is selected","duration":15.799400091171265,"failureMessages":[],"meta":{}}],"startTime":1785346867375,"endTime":1785346867496.7993,"status":"passed","message":"","name":"E:/Tanyptera/tanvis/tests/unit/newSpeciesTableRenderer.test.js"},{"assertionResults":[{"ancestorTitles":["parseOptions"],"fullName":"parseOptions reads the supported data attributes without a source override","status":"passed","title":"reads the supported data attributes without a source override","duration":12.92549991607666,"failureMessages":[],"meta":{}},{"ancestorTitles":["parseOptions"],"fullName":"parseOptions does not default to a supported vis-type when data-vis-type is missing","status":"passed","title":"does not default to a supported vis-type when data-vis-type is missing","duration":1.8946999311447144,"failureMessages":[],"meta":{}},{"ancestorTitles":["parseOptions"],"fullName":"parseOptions defaults ctl to false when not supplied","status":"passed","title":"defaults ctl to false when not supplied","duration":1.5488998889923096,"failureMessages":[],"meta":{}},{"ancestorTitles":["parseOptions"],"fullName":"parseOptions defaults boundaries to false when not supplied","status":"passed","title":"defaults boundaries to false when not supplied","duration":0.8118999004364014,"failureMessages":[],"meta":{}},{"ancestorTitles":["parseOptions"],"fullName":"parseOptions parses boundaries true when supplied as true","status":"passed","title":"parses boundaries true when supplied as true","duration":1.5673999786376953,"failureMessages":[],"meta":{}},{"ancestorTitles":["parseOptions"],"fullName":"parseOptions defaults hectads to true when not supplied","status":"passed","title":"defaults hectads to true when not supplied","duration":1.4808000326156616,"failureMessages":[],"meta":{}},{"ancestorTitles":["parseOptions"],"fullName":"parseOptions parses hectads false when supplied as false","status":"passed","title":"parses hectads false when supplied as false","duration":1.6584999561309814,"failureMessages":[],"meta":{}},{"ancestorTitles":["parseOptions"],"fullName":"parseOptions includes expand as undefined when not supplied","status":"passed","title":"includes expand as undefined when not supplied","duration":3.972200036048889,"failureMessages":[],"meta":{}},{"ancestorTitles":["parseOptions"],"fullName":"parseOptions parses expand true when supplied as true","status":"passed","title":"parses expand true when supplied as true","duration":2.297700047492981,"failureMessages":[],"meta":{}},{"ancestorTitles":["parseOptions"],"fullName":"parseOptions parses expand false when supplied as false","status":"passed","title":"parses expand false when supplied as false","duration":1.0480999946594238,"failureMessages":[],"meta":{}},{"ancestorTitles":["parseOptions"],"fullName":"parseOptions includes width as undefined when not supplied","status":"passed","title":"includes width as undefined when not supplied","duration":0.6987999677658081,"failureMessages":[],"meta":{}},{"ancestorTitles":["parseOptions"],"fullName":"parseOptions parses width when supplied as a positive number","status":"passed","title":"parses width when supplied as a positive number","duration":0.6670999526977539,"failureMessages":[],"meta":{}},{"ancestorTitles":["parseOptions"],"fullName":"parseOptions includes width as undefined when supplied as a non-positive number","status":"passed","title":"includes width as undefined when supplied as a non-positive number","duration":0.6852999925613403,"failureMessages":[],"meta":{}},{"ancestorTitles":["parseOptions"],"fullName":"parseOptions includes height as undefined when not supplied","status":"passed","title":"includes height as undefined when not supplied","duration":0.48989999294281006,"failureMessages":[],"meta":{}},{"ancestorTitles":["parseOptions"],"fullName":"parseOptions parses height when supplied as a positive number","status":"passed","title":"parses height when supplied as a positive number","duration":0.923799991607666,"failureMessages":[],"meta":{}},{"ancestorTitles":["parseOptions"],"fullName":"parseOptions includes height as undefined when supplied as a non-positive number","status":"passed","title":"includes height as undefined when supplied as a non-positive number","duration":1.0720999240875244,"failureMessages":[],"meta":{}},{"ancestorTitles":["parseOptions"],"fullName":"parseOptions reads start and end date attributes for new-species-table","status":"passed","title":"reads start and end date attributes for new-species-table","duration":1.3269999027252197,"failureMessages":[],"meta":{}},{"ancestorTitles":["parseOptions"],"fullName":"parseOptions parses data-vis-top-n when supplied","status":"passed","title":"parses data-vis-top-n when supplied","duration":0.6252000331878662,"failureMessages":[],"meta":{}},{"ancestorTitles":["parseOptions"],"fullName":"parseOptions reads taxon and year attributes for temporal-year-chart","status":"passed","title":"reads taxon and year attributes for temporal-year-chart","duration":1.0621999502182007,"failureMessages":[],"meta":{}},{"ancestorTitles":["parseOptions"],"fullName":"parseOptions reads data-vis-linked-table for temporal-year-chart","status":"passed","title":"reads data-vis-linked-table for temporal-year-chart","duration":1.1126999855041504,"failureMessages":[],"meta":{}},{"ancestorTitles":["parseOptions"],"fullName":"parseOptions reads data-vis-year for species-absent-since","status":"passed","title":"reads data-vis-year for species-absent-since","duration":2.069999933242798,"failureMessages":[],"meta":{}},{"ancestorTitles":["parseOptions"],"fullName":"parseOptions defaults dot styling properties when data attributes are absent","status":"passed","title":"defaults dot styling properties when data attributes are absent","duration":0.9111000299453735,"failureMessages":[],"meta":{}},{"ancestorTitles":["parseOptions"],"fullName":"parseOptions reads data-vis-map-type for map renderers","status":"passed","title":"reads data-vis-map-type for map renderers","duration":1.1450999975204468,"failureMessages":[],"meta":{}},{"ancestorTitles":["parseOptions"],"fullName":"parseOptions reads data-vis-taxonid for species-map","status":"passed","title":"reads data-vis-taxonid for species-map","duration":1.1746000051498413,"failureMessages":[],"meta":{}},{"ancestorTitles":["parseOptions"],"fullName":"parseOptions reads data-vis-grid-stats-type for grid-stats-map","status":"passed","title":"reads data-vis-grid-stats-type for grid-stats-map","duration":0.8267000913619995,"failureMessages":[],"meta":{}},{"ancestorTitles":["parseOptions"],"fullName":"parseOptions defaults grid-stats-map mapType to static when data-vis-map-type is absent","status":"passed","title":"defaults grid-stats-map mapType to static when data-vis-map-type is absent","duration":0.5720000267028809,"failureMessages":[],"meta":{}},{"ancestorTitles":["parseOptions"],"fullName":"parseOptions reads data-vis-map-type for grid-stats-map","status":"passed","title":"reads data-vis-map-type for grid-stats-map","duration":0.5956000089645386,"failureMessages":[],"meta":{}}],"startTime":1785346863953,"endTime":1785346864026.5957,"status":"passed","message":"","name":"E:/Tanyptera/tanvis/tests/unit/parseOptions.test.js"},{"assertionResults":[{"ancestorTitles":["render"],"fullName":"render uses the registered renderer","status":"passed","title":"uses the registered renderer","duration":30.05680000782013,"failureMessages":[],"meta":{}},{"ancestorTitles":["render"],"fullName":"render requires data-vis-start-date for new-species-table","status":"passed","title":"requires data-vis-start-date for new-species-table","duration":5.317499995231628,"failureMessages":[],"meta":{}},{"ancestorTitles":["render"],"fullName":"render renders validation errors inline in the visualization container","status":"passed","title":"renders validation errors inline in the visualization container","duration":6.377899885177612,"failureMessages":[],"meta":{}},{"ancestorTitles":["render"],"fullName":"render renders temporal-year-chart when registered","status":"passed","title":"renders temporal-year-chart when registered","duration":2.2609000205993652,"failureMessages":[],"meta":{}}],"startTime":1785346867489,"endTime":1785346867533.261,"status":"passed","message":"","name":"E:/Tanyptera/tanvis/tests/unit/render.test.js"},{"assertionResults":[{"ancestorTitles":["scan"],"fullName":"scan returns matching elements","status":"passed","title":"returns matching elements","duration":28.09969997406006,"failureMessages":[],"meta":{}}],"startTime":1785346869731,"endTime":1785346869759.0996,"status":"passed","message":"","name":"E:/Tanyptera/tanvis/tests/unit/scan.test.js"},{"assertionResults":[{"ancestorTitles":["renderSpeciesAbsentSince"],"fullName":"renderSpeciesAbsentSince fetches records with a last_record_date cutoff and renders a table","status":"passed","title":"fetches records with a last_record_date cutoff and renders a table","duration":52.73460006713867,"failureMessages":[],"meta":{}},{"ancestorTitles":["renderSpeciesAbsentSince"],"fullName":"renderSpeciesAbsentSince emits species-row-selected with speciesId on row click","status":"passed","title":"emits species-row-selected with speciesId on row click","duration":16.224900007247925,"failureMessages":[],"meta":{}},{"ancestorTitles":["renderSpeciesAbsentSince"],"fullName":"renderSpeciesAbsentSince shows a clear error when Tabulator is not available","status":"passed","title":"shows a clear error when Tabulator is not available","duration":9.44950008392334,"failureMessages":[],"meta":{}},{"ancestorTitles":["renderSpeciesAbsentSince"],"fullName":"renderSpeciesAbsentSince includes control-block taxon-group and refetches when the group changes","status":"passed","title":"includes control-block taxon-group and refetches when the group changes","duration":20.635000109672546,"failureMessages":[],"meta":{}}],"startTime":1785346864311,"endTime":1785346864410.635,"status":"passed","message":"","name":"E:/Tanyptera/tanvis/tests/unit/speciesAbsentSinceRenderer.test.js"},{"assertionResults":[{"ancestorTitles":["species map redraw flow"],"fullName":"species map redraw flow shows an explicit D3 dependency message when D3 is missing","status":"passed","title":"shows an explicit D3 dependency message when D3 is missing","duration":37.43210005760193,"failureMessages":[],"meta":{}},{"ancestorTitles":["species map redraw flow"],"fullName":"species map redraw flow switches the map to the occurrences type and redraws it","status":"passed","title":"switches the map to the occurrences type and redraws it","duration":2.850600004196167,"failureMessages":[],"meta":{}},{"ancestorTitles":["species map redraw flow"],"fullName":"species map redraw flow uses the latest occurrence rows in the occurrences adapter","status":"passed","title":"uses the latest occurrence rows in the occurrences adapter","duration":3.5579999685287476,"failureMessages":[],"meta":{}},{"ancestorTitles":["species map redraw flow"],"fullName":"species map redraw flow ignores rows without grid_ref_2km","status":"passed","title":"ignores rows without grid_ref_2km","duration":1.1032999753952026,"failureMessages":[],"meta":{}},{"ancestorTitles":["species map redraw flow"],"fullName":"species map redraw flow uses host element dataset values for dot styling when rendering the map","status":"passed","title":"uses host element dataset values for dot styling when rendering the map","duration":47.08490002155304,"failureMessages":[],"meta":{}},{"ancestorTitles":["species map redraw flow"],"fullName":"species map redraw flow preserves dataset dot styling when switching from static to leaflet","status":"passed","title":"preserves dataset dot styling when switching from static to leaflet","duration":37.74060010910034,"failureMessages":[],"meta":{}},{"ancestorTitles":["species map redraw flow"],"fullName":"species map redraw flow keeps the map-type toggle visible when a switch-based map is re-rendered as leaflet","status":"passed","title":"keeps the map-type toggle visible when a switch-based map is re-rendered as leaflet","duration":40.48399996757507,"failureMessages":[],"meta":{}},{"ancestorTitles":["species map redraw flow"],"fullName":"species map redraw flow re-renders the species map after a linked table row selection","status":"passed","title":"re-renders the species map after a linked table row selection","duration":17.195599913597107,"failureMessages":[],"meta":{}},{"ancestorTitles":["species map redraw flow"],"fullName":"species map redraw flow reuses the existing map instance when a linked table row changes the species","status":"passed","title":"reuses the existing map instance when a linked table row changes the species","duration":18.985299944877625,"failureMessages":[],"meta":{}},{"ancestorTitles":["species map redraw flow"],"fullName":"species map redraw flow updates the currently visible map after switching map type and selecting a linked-table species","status":"passed","title":"updates the currently visible map after switching map type and selecting a linked-table species","duration":26.204399943351746,"failureMessages":[],"meta":{}},{"ancestorTitles":["species map redraw flow"],"fullName":"species map redraw flow re-renders the species map after a control-block species selection","status":"passed","title":"re-renders the species map after a control-block species selection","duration":16.598699927330017,"failureMessages":[],"meta":{}},{"ancestorTitles":["species map redraw flow"],"fullName":"species map redraw flow keeps linked-table updates working after a control-driven re-render","status":"passed","title":"keeps linked-table updates working after a control-driven re-render","duration":47.13470005989075,"failureMessages":[],"meta":{}}],"startTime":1785346865206,"endTime":1785346865503.1348,"status":"passed","message":"","name":"E:/Tanyptera/tanvis/tests/unit/speciesMap.test.js"},{"assertionResults":[{"ancestorTitles":["renderTemporalYearChart"],"fullName":"renderTemporalYearChart shows a clear error when BRC Charts is not available","status":"passed","title":"shows a clear error when BRC Charts is not available","duration":31.64810001850128,"failureMessages":[],"meta":{}},{"ancestorTitles":["renderTemporalYearChart"],"fullName":"renderTemporalYearChart shows a clear error when D3 is not available","status":"passed","title":"shows a clear error when D3 is not available","duration":3.2451000213623047,"failureMessages":[],"meta":{}},{"ancestorTitles":["renderTemporalYearChart"],"fullName":"renderTemporalYearChart shows an info message when the BRC Charts stylesheet is missing","status":"passed","title":"shows an info message when the BRC Charts stylesheet is missing","duration":41.486300110816956,"failureMessages":[],"meta":{}},{"ancestorTitles":["renderTemporalYearChart"],"fullName":"renderTemporalYearChart queries taxon-year-stats and passes transformed yearly data to brccharts.temporal","status":"passed","title":"queries taxon-year-stats and passes transformed yearly data to brccharts.temporal","duration":15.717000007629395,"failureMessages":[],"meta":{}},{"ancestorTitles":["renderTemporalYearChart"],"fullName":"renderTemporalYearChart shows API errors from taxon-year-stats","status":"passed","title":"shows API errors from taxon-year-stats","duration":12.640900015830994,"failureMessages":[],"meta":{}},{"ancestorTitles":["renderTemporalYearChart"],"fullName":"renderTemporalYearChart listens to linked table species-row-selected events and rerenders with the selected speciesId","status":"passed","title":"listens to linked table species-row-selected events and rerenders with the selected speciesId","duration":29.288400053977966,"failureMessages":[],"meta":{}}],"startTime":1785346864325,"endTime":1785346864460.2883,"status":"passed","message":"","name":"E:/Tanyptera/tanvis/tests/unit/temporalYearChartRenderer.test.js"},{"assertionResults":[{"ancestorTitles":["getVisAttributeSchema"],"fullName":"getVisAttributeSchema keeps per-vis-type rules explicit while resolving shared defaults","status":"passed","title":"keeps per-vis-type rules explicit while resolving shared defaults","duration":9.833899974822998,"failureMessages":[],"meta":{}},{"ancestorTitles":["getVisAttributeSchema"],"fullName":"getVisAttributeSchema exposes a combined parse-and-validate handler on each rule","status":"passed","title":"exposes a combined parse-and-validate handler on each rule","duration":2.360100030899048,"failureMessages":[],"meta":{}},{"ancestorTitles":["getVisAttributeSchema"],"fullName":"getVisAttributeSchema always includes shared rules even when vis-type lists do not mention them explicitly","status":"passed","title":"always includes shared rules even when vis-type lists do not mention them explicitly","duration":2.0109000205993652,"failureMessages":[],"meta":{}},{"ancestorTitles":["getVisAttributeSchema"],"fullName":"getVisAttributeSchema exposes boundaries for map-based visualizations but not temporal-year-chart","status":"passed","title":"exposes boundaries for map-based visualizations but not temporal-year-chart","duration":0.9017000198364258,"failureMessages":[],"meta":{}}],"startTime":1785346867472,"endTime":1785346867487.9016,"status":"passed","message":"","name":"E:/Tanyptera/tanvis/tests/unit/visAttributeSchema.test.js"}]}