{"numTotalTestSuites":33,"numPassedTestSuites":33,"numFailedTestSuites":0,"numPendingTestSuites":0,"numTotalTests":96,"numPassedTests":96,"numFailedTests":0,"numPendingTests":0,"numTodoTests":0,"snapshot":{"added":0,"failure":false,"filesAdded":0,"filesRemoved":0,"filesRemovedList":[],"filesUnmatched":0,"filesUpdated":0,"matched":0,"total":0,"unchecked":0,"uncheckedKeysByFile":[],"unmatched":0,"updated":0,"didUpdate":false},"startTime":1785345878232,"success":true,"testResults":[{"assertionResults":[{"ancestorTitles":["apiBase config"],"fullName":"apiBase config exports the shared default api base","status":"passed","title":"exports the shared default api base","duration":3.283500075340271,"failureMessages":[],"meta":{}},{"ancestorTitles":["apiBase config"],"fullName":"apiBase config always returns the shared default api base","status":"passed","title":"always returns the shared default api base","duration":0.8082000017166138,"failureMessages":[],"meta":{}}],"startTime":1785345886968,"endTime":1785345886971.808,"status":"passed","message":"","name":"E:/Tanyptera/tanvis/tests/unit/apiBase.test.js"},{"assertionResults":[{"ancestorTitles":["apiRequest logging"],"fullName":"apiRequest logging logs GET requests to the console","status":"passed","title":"logs GET requests to the console","duration":4.835599899291992,"failureMessages":[],"meta":{}}],"startTime":1785345886782,"endTime":1785345886786.8357,"status":"passed","message":"","name":"E:/Tanyptera/tanvis/tests/unit/apiRequest.test.js"},{"assertionResults":[{"ancestorTitles":["control block species selector"],"fullName":"control block species selector searches taxa by scientific name and dispatches the selected species id","status":"passed","title":"searches taxa by scientific name and dispatches the selected species id","duration":478.35950005054474,"failureMessages":[],"meta":{}},{"ancestorTitles":["control block species selector"],"fullName":"control block species selector keeps the existing results visible while a newer query is pending","status":"passed","title":"keeps the existing results visible while a newer query is pending","duration":784.473100066185,"failureMessages":[],"meta":{}},{"ancestorTitles":["control block species selector"],"fullName":"control block species selector does not request taxa again when the search is cleared","status":"passed","title":"does not request taxa again when the search is cleared","duration":752.4063999652863,"failureMessages":[],"meta":{}},{"ancestorTitles":["control block species selector"],"fullName":"control block species selector clears the input and results after a species is selected","status":"passed","title":"clears the input and results after a species is selected","duration":397.49230003356934,"failureMessages":[],"meta":{}},{"ancestorTitles":["control block species selector"],"fullName":"control block species selector switches to the vernacular filter when the label mode is vernacular","status":"passed","title":"switches to the vernacular filter when the label mode is vernacular","duration":382.1380000114441,"failureMessages":[],"meta":{}}],"startTime":1785345881698,"endTime":1785345884494.138,"status":"passed","message":"","name":"E:/Tanyptera/tanvis/tests/unit/controlBlock.test.js"},{"assertionResults":[{"ancestorTitles":["renderGridStatsMap"],"fullName":"renderGridStatsMap uses setMapType and redrawMap when switching to Species without recreating map","status":"passed","title":"uses setMapType and redrawMap when switching to Species without recreating map","duration":90.86210000514984,"failureMessages":[],"meta":{}},{"ancestorTitles":["renderGridStatsMap"],"fullName":"renderGridStatsMap hides the switch and defaults mapTypesKey to species when gridStatsType is species","status":"passed","title":"hides the switch and defaults mapTypesKey to species when gridStatsType is species","duration":15.292400002479553,"failureMessages":[],"meta":{}},{"ancestorTitles":["renderGridStatsMap"],"fullName":"renderGridStatsMap uses the rarity map type when gridStatsType is rarity","status":"passed","title":"uses the rarity map type when gridStatsType is rarity","duration":12.509700059890747,"failureMessages":[],"meta":{}},{"ancestorTitles":["renderGridStatsMap"],"fullName":"renderGridStatsMap supports mapType switch with initial static render and toggles to leaflet without refetching","status":"passed","title":"supports mapType switch with initial static render and toggles to leaflet without refetching","duration":33.55809998512268,"failureMessages":[],"meta":{}},{"ancestorTitles":["renderGridStatsMap"],"fullName":"renderGridStatsMap includes a rarity option and resolves an empty payload for it","status":"passed","title":"includes a rarity option and resolves an empty payload for it","duration":11.136299967765808,"failureMessages":[],"meta":{}},{"ancestorTitles":["renderGridStatsMap"],"fullName":"renderGridStatsMap uses host element dataset values for grid stats dot styling","status":"passed","title":"uses host element dataset values for grid stats dot styling","duration":11.579800009727478,"failureMessages":[],"meta":{}},{"ancestorTitles":["renderGridStatsMap"],"fullName":"renderGridStatsMap preserves dataset dot styling when switching from static to leaflet","status":"passed","title":"preserves dataset dot styling when switching from static to leaflet","duration":19.558599948883057,"failureMessages":[],"meta":{}}],"startTime":1785345882576,"endTime":1785345882771.5586,"status":"passed","message":"","name":"E:/Tanyptera/tanvis/tests/unit/gridStatsMapRenderer.test.js"},{"assertionResults":[{"ancestorTitles":["renderIncreasingSpeciesTable"],"fullName":"renderIncreasingSpeciesTable requests topN records and renders a Tabulator table","status":"passed","title":"requests topN records and renders a Tabulator table","duration":51.48860001564026,"failureMessages":[],"meta":{}},{"ancestorTitles":["renderIncreasingSpeciesTable"],"fullName":"renderIncreasingSpeciesTable uses default topN=50 when value is not supplied","status":"passed","title":"uses default topN=50 when value is not supplied","duration":9.361899971961975,"failureMessages":[],"meta":{}},{"ancestorTitles":["renderIncreasingSpeciesTable"],"fullName":"renderIncreasingSpeciesTable refetches with a taxon-group filter when the subscribed control changes group","status":"passed","title":"refetches with a taxon-group filter when the subscribed control changes group","duration":43.28119993209839,"failureMessages":[],"meta":{}}],"startTime":1785345884763,"endTime":1785345884867.2812,"status":"passed","message":"","name":"E:/Tanyptera/tanvis/tests/unit/increasingSpeciesTableRenderer.test.js"},{"assertionResults":[{"ancestorTitles":["renderStaticMap"],"fullName":"renderStaticMap calls brc-atlas svgMap and responds to control-block area changes","status":"passed","title":"calls brc-atlas svgMap and responds to control-block area changes","duration":73.27209997177124,"failureMessages":[],"meta":{}},{"ancestorTitles":["renderStaticMap"],"fullName":"renderStaticMap omits gridGjson when hectads is false","status":"passed","title":"omits gridGjson when hectads is false","duration":5.930599927902222,"failureMessages":[],"meta":{}},{"ancestorTitles":["renderStaticMap"],"fullName":"renderStaticMap passes calculated height but not width when width is provided","status":"passed","title":"passes calculated height but not width when width is provided","duration":4.546800017356873,"failureMessages":[],"meta":{}},{"ancestorTitles":["renderStaticMap"],"fullName":"renderStaticMap uses explicit height when width and height are both provided","status":"passed","title":"uses explicit height when width and height are both provided","duration":3.9647001028060913,"failureMessages":[],"meta":{}},{"ancestorTitles":["renderLeafletMap"],"fullName":"renderLeafletMap shows a clear error when Leaflet is not available","status":"passed","title":"shows a clear error when Leaflet is not available","duration":3.0333999395370483,"failureMessages":[],"meta":{}},{"ancestorTitles":["renderLeafletMap"],"fullName":"renderLeafletMap shows an info message when Leaflet CSS is missing","status":"passed","title":"shows an info message when Leaflet CSS is missing","duration":3.2197999954223633,"failureMessages":[],"meta":{}},{"ancestorTitles":["renderLeafletMap"],"fullName":"renderLeafletMap responds to control-block area changes","status":"passed","title":"responds to control-block area changes","duration":5.26800000667572,"failureMessages":[],"meta":{}},{"ancestorTitles":["renderLeafletMap"],"fullName":"renderLeafletMap pans to the selected area centroid on initial render","status":"passed","title":"pans to the selected area centroid on initial render","duration":4.878100037574768,"failureMessages":[],"meta":{}},{"ancestorTitles":["renderLeafletMap"],"fullName":"renderLeafletMap passes width and calculated height when width is provided","status":"passed","title":"passes width and calculated height when width is provided","duration":3.9132000207901,"failureMessages":[],"meta":{}},{"ancestorTitles":["renderLeafletMap"],"fullName":"renderLeafletMap passes explicit width and height independently when both are provided","status":"passed","title":"passes explicit width and height independently when both are provided","duration":2.5508999824523926,"failureMessages":[],"meta":{}},{"ancestorTitles":["renderLeafletMap"],"fullName":"renderLeafletMap uses parent width when expand is true","status":"passed","title":"uses parent width when expand is true","duration":18.484700083732605,"failureMessages":[],"meta":{}},{"ancestorTitles":["renderLeafletMap"],"fullName":"renderLeafletMap resizes expanded map using setSize and invalidateSize on window resize","status":"passed","title":"resizes expanded map using setSize and invalidateSize on window resize","duration":7.538300037384033,"failureMessages":[],"meta":{}},{"ancestorTitles":["renderLeafletMap"],"fullName":"renderLeafletMap passes showVcs when boundaries is true","status":"passed","title":"passes showVcs when boundaries is true","duration":2.8481000661849976,"failureMessages":[],"meta":{}}],"startTime":1785345881732,"endTime":1785345881877.8481,"status":"passed","message":"","name":"E:/Tanyptera/tanvis/tests/unit/mapRenderer.test.js"},{"assertionResults":[{"ancestorTitles":["resolveActiveMapType"],"fullName":"resolveActiveMapType reads a saved backend selection from the host element when the map container has none","status":"passed","title":"reads a saved backend selection from the host element when the map container has none","duration":9.314099907875061,"failureMessages":[],"meta":{}}],"startTime":1785345885687,"endTime":1785345885696.3142,"status":"passed","message":"","name":"E:/Tanyptera/tanvis/tests/unit/mapTypeSwitchControl.test.js"},{"assertionResults":[{"ancestorTitles":["mock species data"],"fullName":"mock species data includes the requested species identifiers","status":"passed","title":"includes the requested species identifiers","duration":5.430500030517578,"failureMessages":[],"meta":{}}],"startTime":1785345885654,"endTime":1785345885659.4304,"status":"passed","message":"","name":"E:/Tanyptera/tanvis/tests/unit/mockSpeciesData.test.js"},{"assertionResults":[{"ancestorTitles":["renderNewSpeciesTable"],"fullName":"renderNewSpeciesTable fetches records between start and end dates and renders a table","status":"passed","title":"fetches records between start and end dates and renders a table","duration":53.787699937820435,"failureMessages":[],"meta":{}},{"ancestorTitles":["renderNewSpeciesTable"],"fullName":"renderNewSpeciesTable uses the current date when endDate is omitted","status":"passed","title":"uses the current date when endDate is omitted","duration":10.810199975967407,"failureMessages":[],"meta":{}},{"ancestorTitles":["renderNewSpeciesTable"],"fullName":"renderNewSpeciesTable shows a clear error when Tabulator is not available","status":"passed","title":"shows a clear error when Tabulator is not available","duration":12.131399989128113,"failureMessages":[],"meta":{}},{"ancestorTitles":["renderNewSpeciesTable"],"fullName":"renderNewSpeciesTable shows the stylesheet warning beneath the rendered table content when Tabulator CSS is missing","status":"passed","title":"shows the stylesheet warning beneath the rendered table content when Tabulator CSS is missing","duration":11.967900037765503,"failureMessages":[],"meta":{}},{"ancestorTitles":["renderNewSpeciesTable"],"fullName":"renderNewSpeciesTable includes the control-block taxon-group filter when a group is selected","status":"passed","title":"includes the control-block taxon-group filter when a group is selected","duration":16.091099977493286,"failureMessages":[],"meta":{}}],"startTime":1785345884754,"endTime":1785345884859.091,"status":"passed","message":"","name":"E:/Tanyptera/tanvis/tests/unit/newSpeciesTableRenderer.test.js"},{"assertionResults":[{"ancestorTitles":["parseOptions"],"fullName":"parseOptions reads the supported data attributes without a source override","status":"passed","title":"reads the supported data attributes without a source override","duration":12.512400031089783,"failureMessages":[],"meta":{}},{"ancestorTitles":["parseOptions"],"fullName":"parseOptions does not default to a supported vis-type when data-vis-type is missing","status":"passed","title":"does not default to a supported vis-type when data-vis-type is missing","duration":2.7583000659942627,"failureMessages":[],"meta":{}},{"ancestorTitles":["parseOptions"],"fullName":"parseOptions defaults ctl to false when not supplied","status":"passed","title":"defaults ctl to false when not supplied","duration":1.7603000402450562,"failureMessages":[],"meta":{}},{"ancestorTitles":["parseOptions"],"fullName":"parseOptions defaults boundaries to false when not supplied","status":"passed","title":"defaults boundaries to false when not supplied","duration":1.2046000957489014,"failureMessages":[],"meta":{}},{"ancestorTitles":["parseOptions"],"fullName":"parseOptions parses boundaries true when supplied as true","status":"passed","title":"parses boundaries true when supplied as true","duration":1.8220000267028809,"failureMessages":[],"meta":{}},{"ancestorTitles":["parseOptions"],"fullName":"parseOptions defaults hectads to true when not supplied","status":"passed","title":"defaults hectads to true when not supplied","duration":1.4144999980926514,"failureMessages":[],"meta":{}},{"ancestorTitles":["parseOptions"],"fullName":"parseOptions parses hectads false when supplied as false","status":"passed","title":"parses hectads false when supplied as false","duration":1.5259000062942505,"failureMessages":[],"meta":{}},{"ancestorTitles":["parseOptions"],"fullName":"parseOptions includes expand as undefined when not supplied","status":"passed","title":"includes expand as undefined when not supplied","duration":0.9951000213623047,"failureMessages":[],"meta":{}},{"ancestorTitles":["parseOptions"],"fullName":"parseOptions parses expand true when supplied as true","status":"passed","title":"parses expand true when supplied as true","duration":1.59089994430542,"failureMessages":[],"meta":{}},{"ancestorTitles":["parseOptions"],"fullName":"parseOptions parses expand false when supplied as false","status":"passed","title":"parses expand false when supplied as false","duration":1.0655999183654785,"failureMessages":[],"meta":{}},{"ancestorTitles":["parseOptions"],"fullName":"parseOptions includes width as undefined when not supplied","status":"passed","title":"includes width as undefined when not supplied","duration":0.7299000024795532,"failureMessages":[],"meta":{}},{"ancestorTitles":["parseOptions"],"fullName":"parseOptions parses width when supplied as a positive number","status":"passed","title":"parses width when supplied as a positive number","duration":0.8208000659942627,"failureMessages":[],"meta":{}},{"ancestorTitles":["parseOptions"],"fullName":"parseOptions includes width as undefined when supplied as a non-positive number","status":"passed","title":"includes width as undefined when supplied as a non-positive number","duration":0.8253999948501587,"failureMessages":[],"meta":{}},{"ancestorTitles":["parseOptions"],"fullName":"parseOptions includes height as undefined when not supplied","status":"passed","title":"includes height as undefined when not supplied","duration":0.5826998949050903,"failureMessages":[],"meta":{}},{"ancestorTitles":["parseOptions"],"fullName":"parseOptions parses height when supplied as a positive number","status":"passed","title":"parses height when supplied as a positive number","duration":1.2441999912261963,"failureMessages":[],"meta":{}},{"ancestorTitles":["parseOptions"],"fullName":"parseOptions includes height as undefined when supplied as a non-positive number","status":"passed","title":"includes height as undefined when supplied as a non-positive number","duration":1.6710000038146973,"failureMessages":[],"meta":{}},{"ancestorTitles":["parseOptions"],"fullName":"parseOptions reads start and end date attributes for new-species-table","status":"passed","title":"reads start and end date attributes for new-species-table","duration":1.7583999633789062,"failureMessages":[],"meta":{}},{"ancestorTitles":["parseOptions"],"fullName":"parseOptions parses data-vis-top-n when supplied","status":"passed","title":"parses data-vis-top-n when supplied","duration":1.3573999404907227,"failureMessages":[],"meta":{}},{"ancestorTitles":["parseOptions"],"fullName":"parseOptions reads taxon and year attributes for temporal-year-chart","status":"passed","title":"reads taxon and year attributes for temporal-year-chart","duration":19.901900053024292,"failureMessages":[],"meta":{}},{"ancestorTitles":["parseOptions"],"fullName":"parseOptions reads data-vis-linked-table for temporal-year-chart","status":"passed","title":"reads data-vis-linked-table for temporal-year-chart","duration":0.8396999835968018,"failureMessages":[],"meta":{}},{"ancestorTitles":["parseOptions"],"fullName":"parseOptions reads data-vis-year for species-absent-since","status":"passed","title":"reads data-vis-year for species-absent-since","duration":0.9626998901367188,"failureMessages":[],"meta":{}},{"ancestorTitles":["parseOptions"],"fullName":"parseOptions defaults dot styling properties when data attributes are absent","status":"passed","title":"defaults dot styling properties when data attributes are absent","duration":2.2304999828338623,"failureMessages":[],"meta":{}},{"ancestorTitles":["parseOptions"],"fullName":"parseOptions reads data-vis-map-type for map renderers","status":"passed","title":"reads data-vis-map-type for map renderers","duration":0.9922000169754028,"failureMessages":[],"meta":{}},{"ancestorTitles":["parseOptions"],"fullName":"parseOptions reads data-vis-taxonid for species-map","status":"passed","title":"reads data-vis-taxonid for species-map","duration":0.7470999956130981,"failureMessages":[],"meta":{}},{"ancestorTitles":["parseOptions"],"fullName":"parseOptions reads data-vis-grid-stats-type for grid-stats-map","status":"passed","title":"reads data-vis-grid-stats-type for grid-stats-map","duration":1.2458000183105469,"failureMessages":[],"meta":{}},{"ancestorTitles":["parseOptions"],"fullName":"parseOptions defaults grid-stats-map mapType to static when data-vis-map-type is absent","status":"passed","title":"defaults grid-stats-map mapType to static when data-vis-map-type is absent","duration":1.3351999521255493,"failureMessages":[],"meta":{}},{"ancestorTitles":["parseOptions"],"fullName":"parseOptions reads data-vis-map-type for grid-stats-map","status":"passed","title":"reads data-vis-map-type for grid-stats-map","duration":1.1574000120162964,"failureMessages":[],"meta":{}}],"startTime":1785345881656,"endTime":1785345881723.1575,"status":"passed","message":"","name":"E:/Tanyptera/tanvis/tests/unit/parseOptions.test.js"},{"assertionResults":[{"ancestorTitles":["render"],"fullName":"render uses the registered renderer","status":"passed","title":"uses the registered renderer","duration":32.92449998855591,"failureMessages":[],"meta":{}},{"ancestorTitles":["render"],"fullName":"render requires data-vis-start-date for new-species-table","status":"passed","title":"requires data-vis-start-date for new-species-table","duration":7.702400088310242,"failureMessages":[],"meta":{}},{"ancestorTitles":["render"],"fullName":"render renders validation errors inline in the visualization container","status":"passed","title":"renders validation errors inline in the visualization container","duration":6.9715999364852905,"failureMessages":[],"meta":{}},{"ancestorTitles":["render"],"fullName":"render renders temporal-year-chart when registered","status":"passed","title":"renders temporal-year-chart when registered","duration":2.688599944114685,"failureMessages":[],"meta":{}}],"startTime":1785345884903,"endTime":1785345884953.6887,"status":"passed","message":"","name":"E:/Tanyptera/tanvis/tests/unit/render.test.js"},{"assertionResults":[{"ancestorTitles":["scan"],"fullName":"scan returns matching elements","status":"passed","title":"returns matching elements","duration":25.593999981880188,"failureMessages":[],"meta":{}}],"startTime":1785345887010,"endTime":1785345887035.594,"status":"passed","message":"","name":"E:/Tanyptera/tanvis/tests/unit/scan.test.js"},{"assertionResults":[{"ancestorTitles":["renderSpeciesAbsentSince"],"fullName":"renderSpeciesAbsentSince fetches records with a last_record_date cutoff and renders a table","status":"passed","title":"fetches records with a last_record_date cutoff and renders a table","duration":77.6065000295639,"failureMessages":[],"meta":{}},{"ancestorTitles":["renderSpeciesAbsentSince"],"fullName":"renderSpeciesAbsentSince emits species-row-selected with speciesId on row click","status":"passed","title":"emits species-row-selected with speciesId on row click","duration":12.745100021362305,"failureMessages":[],"meta":{}},{"ancestorTitles":["renderSpeciesAbsentSince"],"fullName":"renderSpeciesAbsentSince shows a clear error when Tabulator is not available","status":"passed","title":"shows a clear error when Tabulator is not available","duration":6.632799983024597,"failureMessages":[],"meta":{}},{"ancestorTitles":["renderSpeciesAbsentSince"],"fullName":"renderSpeciesAbsentSince includes control-block taxon-group and refetches when the group changes","status":"passed","title":"includes control-block taxon-group and refetches when the group changes","duration":17.95420002937317,"failureMessages":[],"meta":{}}],"startTime":1785345881670,"endTime":1785345881784.954,"status":"passed","message":"","name":"E:/Tanyptera/tanvis/tests/unit/speciesAbsentSinceRenderer.test.js"},{"assertionResults":[{"ancestorTitles":["species map redraw flow"],"fullName":"species map redraw flow shows an explicit D3 dependency message when D3 is missing","status":"passed","title":"shows an explicit D3 dependency message when D3 is missing","duration":44.1742000579834,"failureMessages":[],"meta":{}},{"ancestorTitles":["species map redraw flow"],"fullName":"species map redraw flow switches the map to the occurrences type and redraws it","status":"passed","title":"switches the map to the occurrences type and redraws it","duration":2.68940007686615,"failureMessages":[],"meta":{}},{"ancestorTitles":["species map redraw flow"],"fullName":"species map redraw flow uses the latest occurrence rows in the occurrences adapter","status":"passed","title":"uses the latest occurrence rows in the occurrences adapter","duration":8.251199960708618,"failureMessages":[],"meta":{}},{"ancestorTitles":["species map redraw flow"],"fullName":"species map redraw flow ignores rows without grid_ref_2km","status":"passed","title":"ignores rows without grid_ref_2km","duration":1.0625,"failureMessages":[],"meta":{}},{"ancestorTitles":["species map redraw flow"],"fullName":"species map redraw flow uses host element dataset values for dot styling when rendering the map","status":"passed","title":"uses host element dataset values for dot styling when rendering the map","duration":52.749500036239624,"failureMessages":[],"meta":{}},{"ancestorTitles":["species map redraw flow"],"fullName":"species map redraw flow preserves dataset dot styling when switching from static to leaflet","status":"passed","title":"preserves dataset dot styling when switching from static to leaflet","duration":43.667099952697754,"failureMessages":[],"meta":{}},{"ancestorTitles":["species map redraw flow"],"fullName":"species map redraw flow keeps the map-type toggle visible when a switch-based map is re-rendered as leaflet","status":"passed","title":"keeps the map-type toggle visible when a switch-based map is re-rendered as leaflet","duration":24.933799982070923,"failureMessages":[],"meta":{}},{"ancestorTitles":["species map redraw flow"],"fullName":"species map redraw flow re-renders the species map after a linked table row selection","status":"passed","title":"re-renders the species map after a linked table row selection","duration":26.39329993724823,"failureMessages":[],"meta":{}},{"ancestorTitles":["species map redraw flow"],"fullName":"species map redraw flow reuses the existing map instance when a linked table row changes the species","status":"passed","title":"reuses the existing map instance when a linked table row changes the species","duration":15.342999935150146,"failureMessages":[],"meta":{}},{"ancestorTitles":["species map redraw flow"],"fullName":"species map redraw flow updates the currently visible map after switching map type and selecting a linked-table species","status":"passed","title":"updates the currently visible map after switching map type and selecting a linked-table species","duration":37.16260004043579,"failureMessages":[],"meta":{}},{"ancestorTitles":["species map redraw flow"],"fullName":"species map redraw flow re-renders the species map after a control-block species selection","status":"passed","title":"re-renders the species map after a control-block species selection","duration":15.790599942207336,"failureMessages":[],"meta":{}},{"ancestorTitles":["species map redraw flow"],"fullName":"species map redraw flow keeps linked-table updates working after a control-driven re-render","status":"passed","title":"keeps linked-table updates working after a control-driven re-render","duration":28.760200023651123,"failureMessages":[],"meta":{}}],"startTime":1785345882488,"endTime":1785345882789.7603,"status":"passed","message":"","name":"E:/Tanyptera/tanvis/tests/unit/speciesMap.test.js"},{"assertionResults":[{"ancestorTitles":["renderTemporalYearChart"],"fullName":"renderTemporalYearChart shows a clear error when BRC Charts is not available","status":"passed","title":"shows a clear error when BRC Charts is not available","duration":36.10490000247955,"failureMessages":[],"meta":{}},{"ancestorTitles":["renderTemporalYearChart"],"fullName":"renderTemporalYearChart shows a clear error when D3 is not available","status":"passed","title":"shows a clear error when D3 is not available","duration":4.123500108718872,"failureMessages":[],"meta":{}},{"ancestorTitles":["renderTemporalYearChart"],"fullName":"renderTemporalYearChart shows an info message when the BRC Charts stylesheet is missing","status":"passed","title":"shows an info message when the BRC Charts stylesheet is missing","duration":29.020399928092957,"failureMessages":[],"meta":{}},{"ancestorTitles":["renderTemporalYearChart"],"fullName":"renderTemporalYearChart queries taxon-year-stats and passes transformed yearly data to brccharts.temporal","status":"passed","title":"queries taxon-year-stats and passes transformed yearly data to brccharts.temporal","duration":17.640300035476685,"failureMessages":[],"meta":{}},{"ancestorTitles":["renderTemporalYearChart"],"fullName":"renderTemporalYearChart shows API errors from taxon-year-stats","status":"passed","title":"shows API errors from taxon-year-stats","duration":9.56439995765686,"failureMessages":[],"meta":{}},{"ancestorTitles":["renderTemporalYearChart"],"fullName":"renderTemporalYearChart listens to linked table species-row-selected events and rerenders with the selected speciesId","status":"passed","title":"listens to linked table species-row-selected events and rerenders with the selected speciesId","duration":30.624899983406067,"failureMessages":[],"meta":{}}],"startTime":1785345881685,"endTime":1785345881812.625,"status":"passed","message":"","name":"E:/Tanyptera/tanvis/tests/unit/temporalYearChartRenderer.test.js"},{"assertionResults":[{"ancestorTitles":["getVisAttributeSchema"],"fullName":"getVisAttributeSchema keeps per-vis-type rules explicit while resolving shared defaults","status":"passed","title":"keeps per-vis-type rules explicit while resolving shared defaults","duration":9.62470006942749,"failureMessages":[],"meta":{}},{"ancestorTitles":["getVisAttributeSchema"],"fullName":"getVisAttributeSchema exposes a combined parse-and-validate handler on each rule","status":"passed","title":"exposes a combined parse-and-validate handler on each rule","duration":2.68340003490448,"failureMessages":[],"meta":{}},{"ancestorTitles":["getVisAttributeSchema"],"fullName":"getVisAttributeSchema always includes shared rules even when vis-type lists do not mention them explicitly","status":"passed","title":"always includes shared rules even when vis-type lists do not mention them explicitly","duration":2.6198999881744385,"failureMessages":[],"meta":{}},{"ancestorTitles":["getVisAttributeSchema"],"fullName":"getVisAttributeSchema exposes boundaries for map-based visualizations but not temporal-year-chart","status":"passed","title":"exposes boundaries for map-based visualizations but not temporal-year-chart","duration":1.3503999710083008,"failureMessages":[],"meta":{}}],"startTime":1785345884860,"endTime":1785345884876.3503,"status":"passed","message":"","name":"E:/Tanyptera/tanvis/tests/unit/visAttributeSchema.test.js"}]}