{"numTotalTestSuites":2,"numPassedTestSuites":2,"numFailedTestSuites":0,"numPendingTestSuites":0,"numTotalTests":6,"numPassedTests":6,"numFailedTests":0,"numPendingTests":0,"numTodoTests":0,"snapshot":{"added":0,"failure":false,"filesAdded":0,"filesRemoved":0,"filesRemovedList":[],"filesUnmatched":0,"filesUpdated":0,"matched":0,"total":0,"unchecked":0,"uncheckedKeysByFile":[],"unmatched":0,"updated":0,"didUpdate":false},"startTime":1785154390876,"success":true,"testResults":[{"assertionResults":[{"ancestorTitles":["renderTemporalYearChart"],"fullName":"renderTemporalYearChart shows a clear error when BRC Charts is not available","status":"passed","title":"shows a clear error when BRC Charts is not available","duration":19.306300044059753,"failureMessages":[],"meta":{}},{"ancestorTitles":["renderTemporalYearChart"],"fullName":"renderTemporalYearChart shows a clear error when D3 is not available","status":"passed","title":"shows a clear error when D3 is not available","duration":6.333600044250488,"failureMessages":[],"meta":{}},{"ancestorTitles":["renderTemporalYearChart"],"fullName":"renderTemporalYearChart shows an info message when the BRC Charts stylesheet is missing","status":"passed","title":"shows an info message when the BRC Charts stylesheet is missing","duration":15.165199995040894,"failureMessages":[],"meta":{}},{"ancestorTitles":["renderTemporalYearChart"],"fullName":"renderTemporalYearChart queries taxon-year-stats and passes transformed yearly data to brccharts.temporal","status":"passed","title":"queries taxon-year-stats and passes transformed yearly data to brccharts.temporal","duration":10.215699911117554,"failureMessages":[],"meta":{}},{"ancestorTitles":["renderTemporalYearChart"],"fullName":"renderTemporalYearChart shows API errors from taxon-year-stats","status":"passed","title":"shows API errors from taxon-year-stats","duration":3.6257001161575317,"failureMessages":[],"meta":{}},{"ancestorTitles":["renderTemporalYearChart"],"fullName":"renderTemporalYearChart listens to linked table species-row-selected events and rerenders with the selected speciesId","status":"passed","title":"listens to linked table species-row-selected events and rerenders with the selected speciesId","duration":9.761699914932251,"failureMessages":[],"meta":{}}],"startTime":1785154393032,"endTime":1785154393096.7617,"status":"passed","message":"","name":"E:/Tanyptera/tanvis/tests/unit/temporalYearChartRenderer.test.js"}]}