{"numTotalTestSuites":6,"numPassedTestSuites":6,"numFailedTestSuites":0,"numPendingTestSuites":0,"numTotalTests":35,"numPassedTests":35,"numFailedTests":0,"numPendingTests":0,"numTodoTests":0,"snapshot":{"added":0,"failure":false,"filesAdded":0,"filesRemoved":0,"filesRemovedList":[],"filesUnmatched":0,"filesUpdated":0,"matched":0,"total":0,"unchecked":0,"uncheckedKeysByFile":[],"unmatched":0,"updated":0,"didUpdate":false},"startTime":1785345868780,"success":true,"testResults":[{"assertionResults":[{"ancestorTitles":["parseOptions"],"fullName":"parseOptions reads the supported data attributes without a source override","status":"passed","title":"reads the supported data attributes without a source override","duration":9.191699981689453,"failureMessages":[],"meta":{}},{"ancestorTitles":["parseOptions"],"fullName":"parseOptions does not default to a supported vis-type when data-vis-type is missing","status":"passed","title":"does not default to a supported vis-type when data-vis-type is missing","duration":2.212000012397766,"failureMessages":[],"meta":{}},{"ancestorTitles":["parseOptions"],"fullName":"parseOptions defaults ctl to false when not supplied","status":"passed","title":"defaults ctl to false when not supplied","duration":1.1054999828338623,"failureMessages":[],"meta":{}},{"ancestorTitles":["parseOptions"],"fullName":"parseOptions defaults boundaries to false when not supplied","status":"passed","title":"defaults boundaries to false when not supplied","duration":0.929900050163269,"failureMessages":[],"meta":{}},{"ancestorTitles":["parseOptions"],"fullName":"parseOptions parses boundaries true when supplied as true","status":"passed","title":"parses boundaries true when supplied as true","duration":1.1306999921798706,"failureMessages":[],"meta":{}},{"ancestorTitles":["parseOptions"],"fullName":"parseOptions defaults hectads to true when not supplied","status":"passed","title":"defaults hectads to true when not supplied","duration":0.8398000001907349,"failureMessages":[],"meta":{}},{"ancestorTitles":["parseOptions"],"fullName":"parseOptions parses hectads false when supplied as false","status":"passed","title":"parses hectads false when supplied as false","duration":1.1225999593734741,"failureMessages":[],"meta":{}},{"ancestorTitles":["parseOptions"],"fullName":"parseOptions includes expand as undefined when not supplied","status":"passed","title":"includes expand as undefined when not supplied","duration":0.8509999513626099,"failureMessages":[],"meta":{}},{"ancestorTitles":["parseOptions"],"fullName":"parseOptions parses expand true when supplied as true","status":"passed","title":"parses expand true when supplied as true","duration":1.3025000095367432,"failureMessages":[],"meta":{}},{"ancestorTitles":["parseOptions"],"fullName":"parseOptions parses expand false when supplied as false","status":"passed","title":"parses expand false when supplied as false","duration":0.8823000192642212,"failureMessages":[],"meta":{}},{"ancestorTitles":["parseOptions"],"fullName":"parseOptions includes width as undefined when not supplied","status":"passed","title":"includes width as undefined when not supplied","duration":0.6064000129699707,"failureMessages":[],"meta":{}},{"ancestorTitles":["parseOptions"],"fullName":"parseOptions parses width when supplied as a positive number","status":"passed","title":"parses width when supplied as a positive number","duration":0.473099946975708,"failureMessages":[],"meta":{}},{"ancestorTitles":["parseOptions"],"fullName":"parseOptions includes width as undefined when supplied as a non-positive number","status":"passed","title":"includes width as undefined when supplied as a non-positive number","duration":0.6220999956130981,"failureMessages":[],"meta":{}},{"ancestorTitles":["parseOptions"],"fullName":"parseOptions includes height as undefined when not supplied","status":"passed","title":"includes height as undefined when not supplied","duration":0.4423999786376953,"failureMessages":[],"meta":{}},{"ancestorTitles":["parseOptions"],"fullName":"parseOptions parses height when supplied as a positive number","status":"passed","title":"parses height when supplied as a positive number","duration":0.7505999803543091,"failureMessages":[],"meta":{}},{"ancestorTitles":["parseOptions"],"fullName":"parseOptions includes height as undefined when supplied as a non-positive number","status":"passed","title":"includes height as undefined when supplied as a non-positive number","duration":0.9911999702453613,"failureMessages":[],"meta":{}},{"ancestorTitles":["parseOptions"],"fullName":"parseOptions reads start and end date attributes for new-species-table","status":"passed","title":"reads start and end date attributes for new-species-table","duration":1.9500999450683594,"failureMessages":[],"meta":{}},{"ancestorTitles":["parseOptions"],"fullName":"parseOptions parses data-vis-top-n when supplied","status":"passed","title":"parses data-vis-top-n when supplied","duration":0.680899977684021,"failureMessages":[],"meta":{}},{"ancestorTitles":["parseOptions"],"fullName":"parseOptions reads taxon and year attributes for temporal-year-chart","status":"passed","title":"reads taxon and year attributes for temporal-year-chart","duration":1.5253000259399414,"failureMessages":[],"meta":{}},{"ancestorTitles":["parseOptions"],"fullName":"parseOptions reads data-vis-linked-table for temporal-year-chart","status":"passed","title":"reads data-vis-linked-table for temporal-year-chart","duration":0.8497999906539917,"failureMessages":[],"meta":{}},{"ancestorTitles":["parseOptions"],"fullName":"parseOptions reads data-vis-year for species-absent-since","status":"passed","title":"reads data-vis-year for species-absent-since","duration":0.8522999286651611,"failureMessages":[],"meta":{}},{"ancestorTitles":["parseOptions"],"fullName":"parseOptions defaults dot styling properties when data attributes are absent","status":"passed","title":"defaults dot styling properties when data attributes are absent","duration":0.6683000326156616,"failureMessages":[],"meta":{}},{"ancestorTitles":["parseOptions"],"fullName":"parseOptions reads data-vis-map-type for map renderers","status":"passed","title":"reads data-vis-map-type for map renderers","duration":0.6756000518798828,"failureMessages":[],"meta":{}},{"ancestorTitles":["parseOptions"],"fullName":"parseOptions reads data-vis-taxonid for species-map","status":"passed","title":"reads data-vis-taxonid for species-map","duration":0.46490001678466797,"failureMessages":[],"meta":{}},{"ancestorTitles":["parseOptions"],"fullName":"parseOptions reads data-vis-grid-stats-type for grid-stats-map","status":"passed","title":"reads data-vis-grid-stats-type for grid-stats-map","duration":0.6648000478744507,"failureMessages":[],"meta":{}},{"ancestorTitles":["parseOptions"],"fullName":"parseOptions defaults grid-stats-map mapType to static when data-vis-map-type is absent","status":"passed","title":"defaults grid-stats-map mapType to static when data-vis-map-type is absent","duration":0.6319999694824219,"failureMessages":[],"meta":{}},{"ancestorTitles":["parseOptions"],"fullName":"parseOptions reads data-vis-map-type for grid-stats-map","status":"passed","title":"reads data-vis-map-type for grid-stats-map","duration":0.617900013923645,"failureMessages":[],"meta":{}}],"startTime":1785345871110,"endTime":1785345871144.618,"status":"passed","message":"","name":"E:/Tanyptera/tanvis/tests/unit/parseOptions.test.js"},{"assertionResults":[{"ancestorTitles":["render"],"fullName":"render uses the registered renderer","status":"passed","title":"uses the registered renderer","duration":27.767500042915344,"failureMessages":[],"meta":{}},{"ancestorTitles":["render"],"fullName":"render requires data-vis-start-date for new-species-table","status":"passed","title":"requires data-vis-start-date for new-species-table","duration":5.086100101470947,"failureMessages":[],"meta":{}},{"ancestorTitles":["render"],"fullName":"render renders validation errors inline in the visualization container","status":"passed","title":"renders validation errors inline in the visualization container","duration":7.1691999435424805,"failureMessages":[],"meta":{}},{"ancestorTitles":["render"],"fullName":"render renders temporal-year-chart when registered","status":"passed","title":"renders temporal-year-chart when registered","duration":2.0691999197006226,"failureMessages":[],"meta":{}}],"startTime":1785345871173,"endTime":1785345871215.069,"status":"passed","message":"","name":"E:/Tanyptera/tanvis/tests/unit/render.test.js"},{"assertionResults":[{"ancestorTitles":["getVisAttributeSchema"],"fullName":"getVisAttributeSchema keeps per-vis-type rules explicit while resolving shared defaults","status":"passed","title":"keeps per-vis-type rules explicit while resolving shared defaults","duration":7.62689995765686,"failureMessages":[],"meta":{}},{"ancestorTitles":["getVisAttributeSchema"],"fullName":"getVisAttributeSchema exposes a combined parse-and-validate handler on each rule","status":"passed","title":"exposes a combined parse-and-validate handler on each rule","duration":1.9775999784469604,"failureMessages":[],"meta":{}},{"ancestorTitles":["getVisAttributeSchema"],"fullName":"getVisAttributeSchema always includes shared rules even when vis-type lists do not mention them explicitly","status":"passed","title":"always includes shared rules even when vis-type lists do not mention them explicitly","duration":1.826200008392334,"failureMessages":[],"meta":{}},{"ancestorTitles":["getVisAttributeSchema"],"fullName":"getVisAttributeSchema exposes boundaries for map-based visualizations but not temporal-year-chart","status":"passed","title":"exposes boundaries for map-based visualizations but not temporal-year-chart","duration":0.7753000259399414,"failureMessages":[],"meta":{}}],"startTime":1785345871095,"endTime":1785345871107.7754,"status":"passed","message":"","name":"E:/Tanyptera/tanvis/tests/unit/visAttributeSchema.test.js"}]}